#
# There is insufficient memory for the Java Runtime Environment to continue.
# Native memory allocation (malloc) failed to allocate 58195968 bytes for committing reserved memory.
# Possible reasons:
#   The system is out of physical RAM or swap space
#   In 32 bit mode, the process size limit was hit
# Possible solutions:
#   Reduce memory load on the system
#   Increase physical memory or swap space
#   Check if swap backing store is full
#   Use 64 bit Java on a 64 bit OS
#   Decrease Java heap size (-Xmx/-Xms)
#   Decrease number of Java threads
#   Decrease Java thread stack sizes (-Xss)
#   Set larger code cache with -XX:ReservedCodeCacheSize=
# This output file may be truncated or incomplete.
#
#  Out of Memory Error (os_linux.cpp:2827), pid=21091, tid=140456745305856
#
# JRE version: OpenJDK Runtime Environment (7.0_101) (build 1.7.0_101-b00)
# Java VM: OpenJDK 64-Bit Server VM (24.95-b01 mixed mode linux-amd64 compressed oops)
# Derivative: IcedTea 2.6.6
# Distribution: Ubuntu 14.04 LTS, package 7u101-2.6.6-0ubuntu0.14.04.1
# Failed to write core dump. Core dumps have been disabled. To enable core dumping, try "ulimit -c unlimited" before starting Java again
#

---------------  T H R E A D  ---------------

Current thread (0x00007fbea8076000):  VMThread [stack: 0x00007fbea2590000,0x00007fbea2691000] [id=21101]

Stack: [0x00007fbea2590000,0x00007fbea2691000],  sp=0x00007fbea268f490,  free space=1021k
Native frames: (J=compiled Java code, j=interpreted, Vv=VM code, C=native code)
V  [libjvm.so+0x955705]
V  [libjvm.so+0x490c44]
V  [libjvm.so+0x7d0c9b]
V  [libjvm.so+0x7cb75f]
V  [libjvm.so+0x83ee5b]
V  [libjvm.so+0x82f0ab]
V  [libjvm.so+0x82f26b]
V  [libjvm.so+0x830198]
V  [libjvm.so+0x836a44]
V  [libjvm.so+0x83cf9d]
V  [libjvm.so+0x7f34a3]
V  [libjvm.so+0x957104]
V  [libjvm.so+0x95b207]
V  [libjvm.so+0x959cc8]
V  [libjvm.so+0x95a129]
V  [libjvm.so+0x95a572]
V  [libjvm.so+0x7cdb62]

VM_Operation (0x00007fbea0340f30): ParallelGCFailedAllocation, mode: safepoint, requested by thread 0x00007fbea8200800


---------------  P R O C E S S  ---------------

Java Threads: ( => current thread )
  0x00007fbea8217000 JavaThread "pool-2-thread-4" [_thread_blocked, id=21113, stack(0x00007fbe998ce000,0x00007fbe999cf000)]
  0x00007fbea8215800 JavaThread "pool-2-thread-3" [_thread_blocked, id=21112, stack(0x00007fbe999cf000,0x00007fbe99ad0000)]
  0x00007fbea8214000 JavaThread "pool-2-thread-2" [_thread_blocked, id=21111, stack(0x00007fbea0040000,0x00007fbea0141000)]
  0x00007fbea8213000 JavaThread "pool-3-thread-1" [_thread_blocked, id=21110, stack(0x00007fbea0141000,0x00007fbea0242000)]
  0x00007fbea8200800 JavaThread "pool-2-thread-1" [_thread_blocked, id=21109, stack(0x00007fbea0242000,0x00007fbea0343000)]
  0x00007fbea80ae800 JavaThread "Service Thread" daemon [_thread_blocked, id=21107, stack(0x00007fbea1cbf000,0x00007fbea1dc0000)]
  0x00007fbea80ac000 JavaThread "C2 CompilerThread1" daemon [_thread_blocked, id=21106, stack(0x00007fbea1dc0000,0x00007fbea1ec1000)]
  0x00007fbea80a9000 JavaThread "C2 CompilerThread0" daemon [_thread_blocked, id=21105, stack(0x00007fbea1ec1000,0x00007fbea1fc2000)]
  0x00007fbea80a7000 JavaThread "Signal Dispatcher" daemon [_thread_blocked, id=21104, stack(0x00007fbea1fc2000,0x00007fbea20c3000)]
  0x00007fbea807c800 JavaThread "Finalizer" daemon [_thread_blocked, id=21103, stack(0x00007fbea238e000,0x00007fbea248f000)]
  0x00007fbea807a800 JavaThread "Reference Handler" daemon [_thread_blocked, id=21102, stack(0x00007fbea248f000,0x00007fbea2590000)]
  0x00007fbea800a800 JavaThread "main" [_thread_blocked, id=21096, stack(0x00007fbeae75c000,0x00007fbeae85d000)]

Other Threads:
=>0x00007fbea8076000 VMThread [stack: 0x00007fbea2590000,0x00007fbea2691000] [id=21101]
  0x00007fbea80b9800 WatcherThread [stack: 0x00007fbea1bbe000,0x00007fbea1cbf000] [id=21108]

VM state:at safepoint (normal execution)

VM Mutex/Monitor currently owned by a thread:  ([mutex/lock_event])
[0x00007fbea8006460] ExpandHeap_lock - owner thread: 0x00007fbea8076000
[0x00007fbea8006ae0] Threads_lock - owner thread: 0x00007fbea8076000
[0x00007fbea8006fe0] Heap_lock - owner thread: 0x00007fbea8200800

Heap
 PSYoungGen      total 277504K, used 35549K [0x00000000eaa80000, 0x0000000100000000, 0x0000000100000000)
  eden space 239104K, 0% used [0x00000000eaa80000,0x00000000eaa80000,0x00000000f9400000)
  from space 38400K, 92% used [0x00000000fda80000,0x00000000ffd374e8,0x0000000100000000)
  to   space 55296K, 0% used [0x00000000f9400000,0x00000000f9400000,0x00000000fca00000)
 ParOldGen       total 84992K, used 84731K [0x00000000c0000000, 0x00000000c5300000, 0x00000000eaa80000)
  object space 84992K, 99% used [0x00000000c0000000,0x00000000c52bedf8,0x00000000c5300000)
 PSPermGen       total 21504K, used 6538K [0x00000000b5a00000, 0x00000000b6f00000, 0x00000000c0000000)
  object space 21504K, 30% used [0x00000000b5a00000,0x00000000b6062948,0x00000000b6f00000)

Card table byte_map: [0x00007fbea4139000,0x00007fbea438d000] byte_map_base: 0x00007fbea3b8c000

Polling page: 0x00007fbeae880000

Code Cache  [0x00007fbea438d000, 0x00007fbea46ad000, 0x00007fbea738d000)
 total_blobs=1074 nmethods=843 adapters=184 free_code_cache=46032Kb largest_free_block=47095616

Compilation events (10 events):
Event: 11,163 Thread 0x00007fbea80ac000 nmethod 863 0x00007fbea468ec10 code [0x00007fbea468edc0, 0x00007fbea468f388]
Event: 11,163 Thread 0x00007fbea80ac000  864             com.android.dx.rop.code.Rops::opMoveResultPseudo (23 bytes)
Event: 11,165 Thread 0x00007fbea80ac000 nmethod 864 0x00007fbea468e750 code [0x00007fbea468e8c0, 0x00007fbea468ea18]
Event: 11,165 Thread 0x00007fbea80ac000  865  s          com.android.dx.dex.file.MethodIdsSection::intern (55 bytes)
Event: 11,170 Thread 0x00007fbea80ac000 nmethod 865 0x00007fbea469add0 code [0x00007fbea469af60, 0x00007fbea469b438]
Event: 11,170 Thread 0x00007fbea80ac000  866             java.lang.StringBuilder::append (8 bytes)
Event: 11,174 Thread 0x00007fbea80ac000 nmethod 866 0x00007fbea469a710 code [0x00007fbea469a860, 0x00007fbea469ab78]
Event: 11,174 Thread 0x00007fbea80ac000  867             java.lang.AbstractStringBuilder::append (29 bytes)
Event: 11,190 Thread 0x00007fbea80ac000 nmethod 867 0x00007fbea468e110 code [0x00007fbea468e260, 0x00007fbea468e578]
Event: 11,190 Thread 0x00007fbea80ac000  868             java.lang.String::startsWith (7 bytes)

GC Heap History (10 events):
Event: 4,882 GC heap after
Heap after GC invocations=7 (full 0):
 PSYoungGen      total 132096K, used 9709K [0x00000000eaa80000, 0x00000000fbe80000, 0x0000000100000000)
  eden space 122368K, 0% used [0x00000000eaa80000,0x00000000eaa80000,0x00000000f2200000)
  from space 9728K, 99% used [0x00000000f2200000,0x00000000f2b7b538,0x00000000f2b80000)
  to   space 18944K, 0% used [0x00000000fac00000,0x00000000fac00000,0x00000000fbe80000)
 ParOldGen       total 40960K, used 24803K [0x00000000c0000000, 0x00000000c2800000, 0x00000000eaa80000)
  object space 40960K, 60% used [0x00000000c0000000,0x00000000c1838c10,0x00000000c2800000)
 PSPermGen       total 21504K, used 6406K [0x00000000b5a00000, 0x00000000b6f00000, 0x00000000c0000000)
  object space 21504K, 29% used [0x00000000b5a00000,0x00000000b6041988,0x00000000b6f00000)
}
Event: 6,497 GC heap before
{Heap before GC invocations=8 (full 0):
 PSYoungGen      total 132096K, used 132077K [0x00000000eaa80000, 0x00000000fbe80000, 0x0000000100000000)
  eden space 122368K, 100% used [0x00000000eaa80000,0x00000000f2200000,0x00000000f2200000)
  from space 9728K, 99% used [0x00000000f2200000,0x00000000f2b7b538,0x00000000f2b80000)
  to   space 18944K, 0% used [0x00000000fac00000,0x00000000fac00000,0x00000000fbe80000)
 ParOldGen       total 40960K, used 24803K [0x00000000c0000000, 0x00000000c2800000, 0x00000000eaa80000)
  object space 40960K, 60% used [0x00000000c0000000,0x00000000c1838c10,0x00000000c2800000)
 PSPermGen       total 21504K, used 6490K [0x00000000b5a00000, 0x00000000b6f00000, 0x00000000c0000000)
  object space 21504K, 30% used [0x00000000b5a00000,0x00000000b6056a18,0x00000000b6f00000)
Event: 6,556 GC heap after
Heap after GC invocations=8 (full 0):
 PSYoungGen      total 256000K, used 18927K [0x00000000eaa80000, 0x00000000fcd80000, 0x0000000100000000)
  eden space 237056K, 0% used [0x00000000eaa80000,0x00000000eaa80000,0x00000000f9200000)
  from space 18944K, 99% used [0x00000000fac00000,0x00000000fbe7bc68,0x00000000fbe80000)
  to   space 26624K, 0% used [0x00000000f9200000,0x00000000f9200000,0x00000000fac00000)
 ParOldGen       total 40960K, used 33484K [0x00000000c0000000, 0x00000000c2800000, 0x00000000eaa80000)
  object space 40960K, 81% used [0x00000000c0000000,0x00000000c20b32b8,0x00000000c2800000)
 PSPermGen       total 21504K, used 6490K [0x00000000b5a00000, 0x00000000b6f00000, 0x00000000c0000000)
  object space 21504K, 30% used [0x00000000b5a00000,0x00000000b6056a18,0x00000000b6f00000)
}
Event: 6,556 GC heap before
{Heap before GC invocations=9 (full 1):
 PSYoungGen      total 256000K, used 18927K [0x00000000eaa80000, 0x00000000fcd80000, 0x0000000100000000)
  eden space 237056K, 0% used [0x00000000eaa80000,0x00000000eaa80000,0x00000000f9200000)
  from space 18944K, 99% used [0x00000000fac00000,0x00000000fbe7bc68,0x00000000fbe80000)
  to   space 26624K, 0% used [0x00000000f9200000,0x00000000f9200000,0x00000000fac00000)
 ParOldGen       total 40960K, used 33484K [0x00000000c0000000, 0x00000000c2800000, 0x00000000eaa80000)
  object space 40960K, 81% used [0x00000000c0000000,0x00000000c20b32b8,0x00000000c2800000)
 PSPermGen       total 21504K, used 6490K [0x00000000b5a00000, 0x00000000b6f00000, 0x00000000c0000000)
  object space 21504K, 30% used [0x00000000b5a00000,0x00000000b6056a18,0x00000000b6f00000)
Event: 6,959 GC heap after
Heap after GC invocations=9 (full 1):
 PSYoungGen      total 256000K, used 8151K [0x00000000eaa80000, 0x00000000fcd80000, 0x0000000100000000)
  eden space 237056K, 0% used [0x00000000eaa80000,0x00000000eaa80000,0x00000000f9200000)
  from space 18944K, 43% used [0x00000000fac00000,0x00000000fb3f5ce8,0x00000000fbe80000)
  to   space 26624K, 0% used [0x00000000f9200000,0x00000000f9200000,0x00000000fac00000)
 ParOldGen       total 76288K, used 40753K [0x00000000c0000000, 0x00000000c4a80000, 0x00000000eaa80000)
  object space 76288K, 53% used [0x00000000c0000000,0x00000000c27cc640,0x00000000c4a80000)
 PSPermGen       total 21504K, used 6487K [0x00000000b5a00000, 0x00000000b6f00000, 0x00000000c0000000)
  object space 21504K, 30% used [0x00000000b5a00000,0x00000000b6055da8,0x00000000b6f00000)
}
Event: 9,404 GC heap before
{Heap before GC invocations=10 (full 1):
 PSYoungGen      total 256000K, used 245207K [0x00000000eaa80000, 0x00000000fcd80000, 0x0000000100000000)
  eden space 237056K, 100% used [0x00000000eaa80000,0x00000000f9200000,0x00000000f9200000)
  from space 18944K, 43% used [0x00000000fac00000,0x00000000fb3f5ce8,0x00000000fbe80000)
  to   space 26624K, 0% used [0x00000000f9200000,0x00000000f9200000,0x00000000fac00000)
 ParOldGen       total 76288K, used 40753K [0x00000000c0000000, 0x00000000c4a80000, 0x00000000eaa80000)
  object space 76288K, 53% used [0x00000000c0000000,0x00000000c27cc640,0x00000000c4a80000)
 PSPermGen       total 21504K, used 6512K [0x00000000b5a00000, 0x00000000b6f00000, 0x00000000c0000000)
  object space 21504K, 30% used [0x00000000b5a00000,0x00000000b605c3e8,0x00000000b6f00000)
Event: 9,487 GC heap after
Heap after GC invocations=10 (full 1):
 PSYoungGen      total 263680K, used 26613K [0x00000000eaa80000, 0x0000000100000000, 0x0000000100000000)
  eden space 237056K, 0% used [0x00000000eaa80000,0x00000000eaa80000,0x00000000f9200000)
  from space 26624K, 99% used [0x00000000f9200000,0x00000000fabfd600,0x00000000fac00000)
  to   space 38400K, 0% used [0x00000000fda80000,0x00000000fda80000,0x0000000100000000)
 ParOldGen       total 76288K, used 57894K [0x00000000c0000000, 0x00000000c4a80000, 0x00000000eaa80000)
  object space 76288K, 75% used [0x00000000c0000000,0x00000000c3889b70,0x00000000c4a80000)
 PSPermGen       total 21504K, used 6512K [0x00000000b5a00000, 0x00000000b6f00000, 0x00000000c0000000)
  object space 21504K, 30% used [0x00000000b5a00000,0x00000000b605c3e8,0x00000000b6f00000)
}
Event: 11,190 GC heap before
{Heap before GC invocations=11 (full 1):
 PSYoungGen      total 263680K, used 263669K [0x00000000eaa80000, 0x0000000100000000, 0x0000000100000000)
  eden space 237056K, 100% used [0x00000000eaa80000,0x00000000f9200000,0x00000000f9200000)
  from space 26624K, 99% used [0x00000000f9200000,0x00000000fabfd600,0x00000000fac00000)
  to   space 38400K, 0% used [0x00000000fda80000,0x00000000fda80000,0x0000000100000000)
 ParOldGen       total 76288K, used 57894K [0x00000000c0000000, 0x00000000c4a80000, 0x00000000eaa80000)
  object space 76288K, 75% used [0x00000000c0000000,0x00000000c3889b70,0x00000000c4a80000)
 PSPermGen       total 21504K, used 6539K [0x00000000b5a00000, 0x00000000b6f00000, 0x00000000c0000000)
  object space 21504K, 30% used [0x00000000b5a00000,0x00000000b6062e08,0x00000000b6f00000)
Event: 12,665 GC heap after
Heap after GC invocations=11 (full 1):
 PSYoungGen      total 277504K, used 38382K [0x00000000eaa80000, 0x0000000100000000, 0x0000000100000000)
  eden space 239104K, 0% used [0x00000000eaa80000,0x00000000eaa80000,0x00000000f9400000)
  from space 38400K, 99% used [0x00000000fda80000,0x00000000ffffba70,0x0000000100000000)
  to   space 55296K, 0% used [0x00000000f9400000,0x00000000f9400000,0x00000000fca00000)
 ParOldGen       total 84992K, used 84839K [0x00000000c0000000, 0x00000000c5300000, 0x00000000eaa80000)
  object space 84992K, 99% used [0x00000000c0000000,0x00000000c52d9ed8,0x00000000c5300000)
 PSPermGen       total 21504K, used 6539K [0x00000000b5a00000, 0x00000000b6f00000, 0x00000000c0000000)
  object space 21504K, 30% used [0x00000000b5a00000,0x00000000b6062e08,0x00000000b6f00000)
}
Event: 14,635 GC heap before
{Heap before GC invocations=12 (full 2):
 PSYoungGen      total 277504K, used 38382K [0x00000000eaa80000, 0x0000000100000000, 0x0000000100000000)
  eden space 239104K, 0% used [0x00000000eaa80000,0x00000000eaa80000,0x00000000f9400000)
  from space 38400K, 99% used [0x00000000fda80000,0x00000000ffffba70,0x0000000100000000)
  to   space 55296K, 0% used [0x00000000f9400000,0x00000000f9400000,0x00000000fca00000)
 ParOldGen       total 84992K, used 84839K [0x00000000c0000000, 0x00000000c5300000, 0x00000000eaa80000)
  object space 84992K, 99% used [0x00000000c0000000,0x00000000c52d9ed8,0x00000000c5300000)
 PSPermGen       total 21504K, used 6539K [0x00000000b5a00000, 0x00000000b6f00000, 0x00000000c0000000)
  object space 21504K, 30% used [0x00000000b5a00000,0x00000000b6062e08,0x00000000b6f00000)

Deoptimization events (10 events):
Event: 9,250 Thread 0x00007fbea8214000 Uncommon trap: reason=unstable_if action=reinterpret pc=0x00007fbea44b5ba0 method=com.android.dx.rop.code.RegisterSpecSet.<init>(I)V @ 2
Event: 9,399 Thread 0x00007fbea8215800 Uncommon trap: reason=unstable_if action=reinterpret pc=0x00007fbea4449334 method=com.android.dx.util.IntList.binarysearch(I)I @ 105
Event: 9,515 Thread 0x00007fbea8215800 Uncommon trap: reason=null_check action=make_not_entrant pc=0x00007fbea45e161c method=com.android.dx.cf.direct.DirectClassFile.getSourceFile()Lcom/android/dx/rop/cst/CstString; @ 15
Event: 9,548 Thread 0x00007fbea8215800 Uncommon trap: reason=unstable_if action=reinterpret pc=0x00007fbea4569c10 method=com.android.dx.ssa.PhiTypeResolver.resolveResultType(Lcom/android/dx/ssa/PhiInsn;)Z @ 64
Event: 10,030 Thread 0x00007fbea8214000 Uncommon trap: reason=unstable_if action=reinterpret pc=0x00007fbea45ff204 method=java.util.BitSet.nextClearBit(I)I @ 70
Event: 10,030 Thread 0x00007fbea8214000 Uncommon trap: reason=unstable_if action=reinterpret pc=0x00007fbea45f6fc8 method=java.util.BitSet.nextClearBit(I)I @ 70
Event: 10,099 Thread 0x00007fbea8200800 Uncommon trap: reason=class_check action=maybe_recompile pc=0x00007fbea456fce4 method=com.android.dx.ssa.SCCP.replaceConstants()V @ 182
Event: 10,473 Thread 0x00007fbea800a800 Uncommon trap: reason=unstable_if action=reinterpret pc=0x00007fbea4476558 method=com.android.dx.ssa.DeadCodeRemover.pruneDeadInstructions()V @ 49
Event: 10,808 Thread 0x00007fbea8217000 Uncommon trap: reason=unstable_if action=reinterpret pc=0x00007fbea460e918 method=com.android.dx.cf.code.Ropper.addReturnBlock()V @ 32
Event: 10,859 Thread 0x00007fbea8217000 Uncommon trap: reason=unstable_if action=reinterpret pc=0x00007fbea45061b0 method=com.android.dx.ssa.MoveParamCombiner$1.visitNonMoveInsn(Lcom/android/dx/ssa/NormalSsaInsn;)V @ 27

Internal exceptions (10 events):
Event: 2,492 Thread 0x00007fbea800a800 Threw 0x00000000edc990d0 at /build/openjdk-7-9duhBW/openjdk-7-7u101-2.6.6/build/openjdk/hotspot/src/share/vm/prims/jvm.cpp:1322
Event: 2,782 Thread 0x00007fbea8214000 Implicit null exception at 0x00007fbea446d255 to 0x00007fbea446e3ed
Event: 2,785 Thread 0x00007fbea8214000 Implicit null exception at 0x00007fbea447e48d to 0x00007fbea447e6d1
Event: 2,965 Thread 0x00007fbea800a800 Threw 0x00000000ebb8c230 at /build/openjdk-7-9duhBW/openjdk-7-7u101-2.6.6/build/openjdk/hotspot/src/share/vm/prims/jvm.cpp:1322
Event: 3,658 Thread 0x00007fbea800a800 Threw 0x00000000ee0e7c30 at /build/openjdk-7-9duhBW/openjdk-7-7u101-2.6.6/build/openjdk/hotspot/src/share/vm/prims/jvm.cpp:1322
Event: 4,021 Thread 0x00007fbea800a800 Threw 0x00000000ef39d908 at /build/openjdk-7-9duhBW/openjdk-7-7u101-2.6.6/build/openjdk/hotspot/src/share/vm/prims/jvm.cpp:1322
Event: 5,157 Thread 0x00007fbea8200800 Threw 0x00000000eb9da038 at /build/openjdk-7-9duhBW/openjdk-7-7u101-2.6.6/build/openjdk/hotspot/src/share/vm/prims/jvm.cpp:1322
Event: 8,457 Thread 0x00007fbea800a800 Implicit null exception at 0x00007fbea459c381 to 0x00007fbea459dac5
Event: 9,515 Thread 0x00007fbea8215800 Implicit null exception at 0x00007fbea45d689c to 0x00007fbea45e1601
Event: 9,548 Thread 0x00007fbea8215800 Implicit null exception at 0x00007fbea456912d to 0x00007fbea4569bf1

Events (10 events):
Event: 10,473 Thread 0x00007fbea800a800 DEOPT PACKING pc=0x00007fbea4476558 sp=0x00007fbeae85a9c0
Event: 10,473 Thread 0x00007fbea800a800 DEOPT UNPACKING pc=0x00007fbea43c6445 sp=0x00007fbeae85a948 mode 2
Event: 10,516 Thread 0x00007fbea80ac000 flushing nmethod 0x00007fbea452cd90
Event: 10,808 Thread 0x00007fbea8217000 Uncommon trap: trap_request=0xffffff75 fr.pc=0x00007fbea460e918
Event: 10,808 Thread 0x00007fbea8217000 DEOPT PACKING pc=0x00007fbea460e918 sp=0x00007fbe999cd380
Event: 10,808 Thread 0x00007fbea8217000 DEOPT UNPACKING pc=0x00007fbea43c6445 sp=0x00007fbe999cd2d8 mode 2
Event: 10,859 Thread 0x00007fbea8217000 Uncommon trap: trap_request=0xffffff75 fr.pc=0x00007fbea45061b0
Event: 10,859 Thread 0x00007fbea8217000 DEOPT PACKING pc=0x00007fbea45061b0 sp=0x00007fbe999cd0f0
Event: 10,859 Thread 0x00007fbea8217000 DEOPT UNPACKING pc=0x00007fbea43c6445 sp=0x00007fbe999cd068 mode 2
Event: 11,190 Executing VM operation: ParallelGCFailedAllocation


Dynamic libraries:
00400000-00401000 r-xp 00000000 08:04 28837979                           /usr/lib/jvm/java-7-openjdk-amd64/jre/bin/java
00600000-00601000 r--p 00000000 08:04 28837979                           /usr/lib/jvm/java-7-openjdk-amd64/jre/bin/java
00601000-00602000 rw-p 00001000 08:04 28837979                           /usr/lib/jvm/java-7-openjdk-amd64/jre/bin/java
01d63000-01d84000 rw-p 00000000 00:00 0                                  [heap]
b5a00000-b6f00000 rw-p 00000000 00:00 0 
b6f00000-c0000000 rw-p 00000000 00:00 0 
c0000000-c5300000 rw-p 00000000 00:00 0 
c8a80000-eaa80000 rw-p 00000000 00:00 0 
eaa80000-100000000 rw-p 00000000 00:00 0 
7fbe54000000-7fbe5402b000 rw-p 00000000 00:00 0 
7fbe5402b000-7fbe58000000 ---p 00000000 00:00 0 
7fbe58000000-7fbe58021000 rw-p 00000000 00:00 0 
7fbe58021000-7fbe5c000000 ---p 00000000 00:00 0 
7fbe5c000000-7fbe5c021000 rw-p 00000000 00:00 0 
7fbe5c021000-7fbe60000000 ---p 00000000 00:00 0 
7fbe60000000-7fbe60026000 rw-p 00000000 00:00 0 
7fbe60026000-7fbe64000000 ---p 00000000 00:00 0 
7fbe64000000-7fbe64021000 rw-p 00000000 00:00 0 
7fbe64021000-7fbe68000000 ---p 00000000 00:00 0 
7fbe68000000-7fbe68047000 rw-p 00000000 00:00 0 
7fbe68047000-7fbe6c000000 ---p 00000000 00:00 0 
7fbe6c000000-7fbe6dbe8000 rw-p 00000000 00:00 0 
7fbe6dbe8000-7fbe70000000 ---p 00000000 00:00 0 
7fbe70000000-7fbe70021000 rw-p 00000000 00:00 0 
7fbe70021000-7fbe74000000 ---p 00000000 00:00 0 
7fbe74000000-7fbe74021000 rw-p 00000000 00:00 0 
7fbe74021000-7fbe78000000 ---p 00000000 00:00 0 
7fbe78000000-7fbe796fd000 rw-p 00000000 00:00 0 
7fbe796fd000-7fbe7c000000 ---p 00000000 00:00 0 
7fbe7c000000-7fbe7c021000 rw-p 00000000 00:00 0 
7fbe7c021000-7fbe80000000 ---p 00000000 00:00 0 
7fbe80000000-7fbe80021000 rw-p 00000000 00:00 0 
7fbe80021000-7fbe84000000 ---p 00000000 00:00 0 
7fbe84000000-7fbe84021000 rw-p 00000000 00:00 0 
7fbe84021000-7fbe88000000 ---p 00000000 00:00 0 
7fbe88000000-7fbe88021000 rw-p 00000000 00:00 0 
7fbe88021000-7fbe8c000000 ---p 00000000 00:00 0 
7fbe8c000000-7fbe8c021000 rw-p 00000000 00:00 0 
7fbe8c021000-7fbe90000000 ---p 00000000 00:00 0 
7fbe94000000-7fbe94021000 rw-p 00000000 00:00 0 
7fbe94021000-7fbe98000000 ---p 00000000 00:00 0 
7fbe998ce000-7fbe998d1000 ---p 00000000 00:00 0 
7fbe998d1000-7fbe999cf000 rw-p 00000000 00:00 0                          [stack:21113]
7fbe999cf000-7fbe999d2000 ---p 00000000 00:00 0 
7fbe999d2000-7fbe9c000000 rw-p 00000000 00:00 0                          [stack:21112]
7fbe9c000000-7fbe9c021000 rw-p 00000000 00:00 0 
7fbe9c021000-7fbea0000000 ---p 00000000 00:00 0 
7fbea001e000-7fbea0040000 r--p 00000000 08:04 30685233                   /usr/share/locale-langpack/pt_BR/LC_MESSAGES/libc.mo
7fbea0040000-7fbea0043000 ---p 00000000 00:00 0 
7fbea0043000-7fbea0141000 rw-p 00000000 00:00 0                          [stack:21111]
7fbea0141000-7fbea0144000 ---p 00000000 00:00 0 
7fbea0144000-7fbea0242000 rw-p 00000000 00:00 0                          [stack:21110]
7fbea0242000-7fbea0245000 ---p 00000000 00:00 0 
7fbea0245000-7fbea0343000 rw-p 00000000 00:00 0                          [stack:21109]
7fbea0343000-7fbea0380000 r-xp 00000000 08:04 5247291                    /lib/x86_64-linux-gnu/libpcre.so.3.13.1
7fbea0380000-7fbea057f000 ---p 0003d000 08:04 5247291                    /lib/x86_64-linux-gnu/libpcre.so.3.13.1
7fbea057f000-7fbea0580000 r--p 0003c000 08:04 5247291                    /lib/x86_64-linux-gnu/libpcre.so.3.13.1
7fbea0580000-7fbea0581000 rw-p 0003d000 08:04 5247291                    /lib/x86_64-linux-gnu/libpcre.so.3.13.1
7fbea0581000-7fbea0588000 r-xp 00000000 08:04 28712694                   /usr/lib/x86_64-linux-gnu/libffi.so.6.0.1
7fbea0588000-7fbea0787000 ---p 00007000 08:04 28712694                   /usr/lib/x86_64-linux-gnu/libffi.so.6.0.1
7fbea0787000-7fbea0788000 r--p 00006000 08:04 28712694                   /usr/lib/x86_64-linux-gnu/libffi.so.6.0.1
7fbea0788000-7fbea0789000 rw-p 00007000 08:04 28712694                   /usr/lib/x86_64-linux-gnu/libffi.so.6.0.1
7fbea0789000-7fbea07a0000 r-xp 00000000 08:04 5247314                    /lib/x86_64-linux-gnu/libresolv-2.19.so
7fbea07a0000-7fbea09a0000 ---p 00017000 08:04 5247314                    /lib/x86_64-linux-gnu/libresolv-2.19.so
7fbea09a0000-7fbea09a1000 r--p 00017000 08:04 5247314                    /lib/x86_64-linux-gnu/libresolv-2.19.so
7fbea09a1000-7fbea09a2000 rw-p 00018000 08:04 5247314                    /lib/x86_64-linux-gnu/libresolv-2.19.so
7fbea09a2000-7fbea09a4000 rw-p 00000000 00:00 0 
7fbea09a4000-7fbea09c4000 r-xp 00000000 08:04 5247318                    /lib/x86_64-linux-gnu/libselinux.so.1
7fbea09c4000-7fbea0bc3000 ---p 00020000 08:04 5247318                    /lib/x86_64-linux-gnu/libselinux.so.1
7fbea0bc3000-7fbea0bc4000 r--p 0001f000 08:04 5247318                    /lib/x86_64-linux-gnu/libselinux.so.1
7fbea0bc4000-7fbea0bc5000 rw-p 00020000 08:04 5247318                    /lib/x86_64-linux-gnu/libselinux.so.1
7fbea0bc5000-7fbea0bc7000 rw-p 00000000 00:00 0 
7fbea0bc7000-7fbea0bca000 r-xp 00000000 08:04 28712833                   /usr/lib/x86_64-linux-gnu/libgmodule-2.0.so.0.4002.0
7fbea0bca000-7fbea0dc9000 ---p 00003000 08:04 28712833                   /usr/lib/x86_64-linux-gnu/libgmodule-2.0.so.0.4002.0
7fbea0dc9000-7fbea0dca000 r--p 00002000 08:04 28712833                   /usr/lib/x86_64-linux-gnu/libgmodule-2.0.so.0.4002.0
7fbea0dca000-7fbea0dcb000 rw-p 00003000 08:04 28712833                   /usr/lib/x86_64-linux-gnu/libgmodule-2.0.so.0.4002.0
7fbea0dcb000-7fbea0ed1000 r-xp 00000000 08:04 5247218                    /lib/x86_64-linux-gnu/libglib-2.0.so.0.4002.0
7fbea0ed1000-7fbea10d0000 ---p 00106000 08:04 5247218                    /lib/x86_64-linux-gnu/libglib-2.0.so.0.4002.0
7fbea10d0000-7fbea10d1000 r--p 00105000 08:04 5247218                    /lib/x86_64-linux-gnu/libglib-2.0.so.0.4002.0
7fbea10d1000-7fbea10d2000 rw-p 00106000 08:04 5247218                    /lib/x86_64-linux-gnu/libglib-2.0.so.0.4002.0
7fbea10d2000-7fbea10d3000 rw-p 00000000 00:00 0 
7fbea10d3000-7fbea1122000 r-xp 00000000 08:04 28712857                   /usr/lib/x86_64-linux-gnu/libgobject-2.0.so.0.4002.0
7fbea1122000-7fbea1322000 ---p 0004f000 08:04 28712857                   /usr/lib/x86_64-linux-gnu/libgobject-2.0.so.0.4002.0
7fbea1322000-7fbea1323000 r--p 0004f000 08:04 28712857                   /usr/lib/x86_64-linux-gnu/libgobject-2.0.so.0.4002.0
7fbea1323000-7fbea1324000 rw-p 00050000 08:04 28712857                   /usr/lib/x86_64-linux-gnu/libgobject-2.0.so.0.4002.0
7fbea1324000-7fbea1490000 r-xp 00000000 08:04 28712819                   /usr/lib/x86_64-linux-gnu/libgio-2.0.so.0.4002.0
7fbea1490000-7fbea168f000 ---p 0016c000 08:04 28712819                   /usr/lib/x86_64-linux-gnu/libgio-2.0.so.0.4002.0
7fbea168f000-7fbea1693000 r--p 0016b000 08:04 28712819                   /usr/lib/x86_64-linux-gnu/libgio-2.0.so.0.4002.0
7fbea1693000-7fbea1695000 rw-p 0016f000 08:04 28712819                   /usr/lib/x86_64-linux-gnu/libgio-2.0.so.0.4002.0
7fbea1695000-7fbea1697000 rw-p 00000000 00:00 0 
7fbea16b6000-7fbea16cd000 r-xp 00000000 08:04 28843097                   /usr/lib/jvm/java-7-openjdk-amd64/jre/lib/amd64/libnet.so
7fbea16cd000-7fbea18cc000 ---p 00017000 08:04 28843097                   /usr/lib/jvm/java-7-openjdk-amd64/jre/lib/amd64/libnet.so
7fbea18cc000-7fbea18cd000 r--p 00016000 08:04 28843097                   /usr/lib/jvm/java-7-openjdk-amd64/jre/lib/amd64/libnet.so
7fbea18cd000-7fbea18ce000 rw-p 00017000 08:04 28843097                   /usr/lib/jvm/java-7-openjdk-amd64/jre/lib/amd64/libnet.so
7fbea18ce000-7fbea18de000 r-xp 00000000 08:04 28843118                   /usr/lib/jvm/java-7-openjdk-amd64/jre/lib/amd64/libnio.so
7fbea18de000-7fbea1ade000 ---p 00010000 08:04 28843118                   /usr/lib/jvm/java-7-openjdk-amd64/jre/lib/amd64/libnio.so
7fbea1ade000-7fbea1adf000 r--p 00010000 08:04 28843118                   /usr/lib/jvm/java-7-openjdk-amd64/jre/lib/amd64/libnio.so
7fbea1adf000-7fbea1ae0000 rw-p 00011000 08:04 28843118                   /usr/lib/jvm/java-7-openjdk-amd64/jre/lib/amd64/libnio.so
7fbea1ae0000-7fbea1baf000 r--s 0087b000 08:04 2885027                    /home/luan/AndroidStudioProjects/BioB_aop/app/build/intermediates/transforms/jarMerging/debug/jars/1/1f/combined.jar
7fbea1baf000-7fbea1bbe000 r--s 000df000 08:04 32507487                   /home/luan/Android/Sdk/build-tools/23.0.3/lib/dx.jar
7fbea1bbe000-7fbea1bbf000 ---p 00000000 00:00 0 
7fbea1bbf000-7fbea1cbf000 rw-p 00000000 00:00 0                          [stack:21108]
7fbea1cbf000-7fbea1cc2000 ---p 00000000 00:00 0 
7fbea1cc2000-7fbea1dc0000 rw-p 00000000 00:00 0                          [stack:21107]
7fbea1dc0000-7fbea1dc3000 ---p 00000000 00:00 0 
7fbea1dc3000-7fbea1ec1000 rw-p 00000000 00:00 0                          [stack:21106]
7fbea1ec1000-7fbea1ec4000 ---p 00000000 00:00 0 
7fbea1ec4000-7fbea1fc2000 rw-p 00000000 00:00 0                          [stack:21105]
7fbea1fc2000-7fbea1fc5000 ---p 00000000 00:00 0 
7fbea1fc5000-7fbea20c3000 rw-p 00000000 00:00 0                          [stack:21104]
7fbea20c3000-7fbea238e000 r--p 00000000 08:04 28711040                   /usr/lib/locale/locale-archive
7fbea238e000-7fbea2391000 ---p 00000000 00:00 0 
7fbea2391000-7fbea248f000 rw-p 00000000 00:00 0                          [stack:21103]
7fbea248f000-7fbea2492000 ---p 00000000 00:00 0 
7fbea2492000-7fbea2590000 rw-p 00000000 00:00 0                          [stack:21102]
7fbea2590000-7fbea2591000 ---p 00000000 00:00 0 
7fbea2591000-7fbea368e000 rw-p 00000000 00:00 0                          [stack:21101]
7fbea368e000-7fbea3840000 r--s 01d32000 08:04 28843131                   /usr/lib/jvm/java-7-openjdk-amd64/jre/lib/rt.jar
7fbea3840000-7fbea3b8c000 rw-p 00000000 00:00 0 
7fbea3b8c000-7fbea3b8d000 ---p 00000000 00:00 0 
7fbea3b8d000-7fbea3c8d000 rw-p 00000000 00:00 0                          [stack:21100]
7fbea3c8d000-7fbea3c8e000 ---p 00000000 00:00 0 
7fbea3c8e000-7fbea3d8e000 rw-p 00000000 00:00 0                          [stack:21099]
7fbea3d8e000-7fbea3d8f000 ---p 00000000 00:00 0 
7fbea3d8f000-7fbea3e8f000 rw-p 00000000 00:00 0                          [stack:21098]
7fbea3e8f000-7fbea3e90000 ---p 00000000 00:00 0 
7fbea3e90000-7fbea3f9b000 rw-p 00000000 00:00 0                          [stack:21097]
7fbea3f9b000-7fbea3fe3000 rw-p 00000000 00:00 0 
7fbea3fe3000-7fbea400d000 rw-p 00000000 00:00 0 
7fbea400d000-7fbea4139000 rw-p 00000000 00:00 0 
7fbea4139000-7fbea4144000 rw-p 00000000 00:00 0 
7fbea4144000-7fbea418c000 rw-p 00000000 00:00 0 
7fbea418c000-7fbea41b6000 rw-p 00000000 00:00 0 
7fbea41b6000-7fbea42e1000 rw-p 00000000 00:00 0 
7fbea42e1000-7fbea438c000 rw-p 00000000 00:00 0 
7fbea438c000-7fbea438d000 rw-p 00000000 00:00 0 
7fbea438d000-7fbea46ad000 rwxp 00000000 00:00 0 
7fbea46ad000-7fbea738d000 rw-p 00000000 00:00 0 
7fbea738d000-7fbea7395000 r-xp 00000000 08:04 28843102                   /usr/lib/jvm/java-7-openjdk-amd64/jre/lib/amd64/libzip.so
7fbea7395000-7fbea7594000 ---p 00008000 08:04 28843102                   /usr/lib/jvm/java-7-openjdk-amd64/jre/lib/amd64/libzip.so
7fbea7594000-7fbea7595000 r--p 00007000 08:04 28843102                   /usr/lib/jvm/java-7-openjdk-amd64/jre/lib/amd64/libzip.so
7fbea7595000-7fbea7596000 rw-p 00008000 08:04 28843102                   /usr/lib/jvm/java-7-openjdk-amd64/jre/lib/amd64/libzip.so
7fbea7596000-7fbea75a1000 r-xp 00000000 08:04 5247263                    /lib/x86_64-linux-gnu/libnss_files-2.19.so
7fbea75a1000-7fbea77a0000 ---p 0000b000 08:04 5247263                    /lib/x86_64-linux-gnu/libnss_files-2.19.so
7fbea77a0000-7fbea77a1000 r--p 0000a000 08:04 5247263                    /lib/x86_64-linux-gnu/libnss_files-2.19.so
7fbea77a1000-7fbea77a2000 rw-p 0000b000 08:04 5247263                    /lib/x86_64-linux-gnu/libnss_files-2.19.so
7fbea77a2000-7fbea77ad000 r-xp 00000000 08:04 5247273                    /lib/x86_64-linux-gnu/libnss_nis-2.19.so
7fbea77ad000-7fbea79ac000 ---p 0000b000 08:04 5247273                    /lib/x86_64-linux-gnu/libnss_nis-2.19.so
7fbea79ac000-7fbea79ad000 r--p 0000a000 08:04 5247273                    /lib/x86_64-linux-gnu/libnss_nis-2.19.so
7fbea79ad000-7fbea79ae000 rw-p 0000b000 08:04 5247273                    /lib/x86_64-linux-gnu/libnss_nis-2.19.so
7fbea79ae000-7fbea79c5000 r-xp 00000000 08:04 5247257                    /lib/x86_64-linux-gnu/libnsl-2.19.so
7fbea79c5000-7fbea7bc4000 ---p 00017000 08:04 5247257                    /lib/x86_64-linux-gnu/libnsl-2.19.so
7fbea7bc4000-7fbea7bc5000 r--p 00016000 08:04 5247257                    /lib/x86_64-linux-gnu/libnsl-2.19.so
7fbea7bc5000-7fbea7bc6000 rw-p 00017000 08:04 5247257                    /lib/x86_64-linux-gnu/libnsl-2.19.so
7fbea7bc6000-7fbea7bc8000 rw-p 00000000 00:00 0 
7fbea7bc8000-7fbea7bd1000 r-xp 00000000 08:04 5247259                    /lib/x86_64-linux-gnu/libnss_compat-2.19.so
7fbea7bd1000-7fbea7dd0000 ---p 00009000 08:04 5247259                    /lib/x86_64-linux-gnu/libnss_compat-2.19.so
7fbea7dd0000-7fbea7dd1000 r--p 00008000 08:04 5247259                    /lib/x86_64-linux-gnu/libnss_compat-2.19.so
7fbea7dd1000-7fbea7dd2000 rw-p 00009000 08:04 5247259                    /lib/x86_64-linux-gnu/libnss_compat-2.19.so
7fbea7dd2000-7fbea7dfd000 r-xp 00000000 08:04 28843088                   /usr/lib/jvm/java-7-openjdk-amd64/jre/lib/amd64/libjava.so
7fbea7dfd000-7fbea7ffd000 ---p 0002b000 08:04 28843088                   /usr/lib/jvm/java-7-openjdk-amd64/jre/lib/amd64/libjava.so
7fbea7ffd000-7fbea7ffe000 r--p 0002b000 08:04 28843088                   /usr/lib/jvm/java-7-openjdk-amd64/jre/lib/amd64/libjava.so
7fbea7ffe000-7fbea8000000 rw-p 0002c000 08:04 28843088                   /usr/lib/jvm/java-7-openjdk-amd64/jre/lib/amd64/libjava.so
7fbea8000000-7fbea828b000 rw-p 00000000 00:00 0 
7fbea828b000-7fbeac000000 ---p 00000000 00:00 0 
7fbeac001000-7fbeac008000 r--s 00000000 08:04 29231493                   /usr/lib/x86_64-linux-gnu/gconv/gconv-modules.cache
7fbeac008000-7fbeac018000 r-xp 00000000 08:04 28843089                   /usr/lib/jvm/java-7-openjdk-amd64/jre/lib/amd64/libverify.so
7fbeac018000-7fbeac217000 ---p 00010000 08:04 28843089                   /usr/lib/jvm/java-7-openjdk-amd64/jre/lib/amd64/libverify.so
7fbeac217000-7fbeac219000 r--p 0000f000 08:04 28843089                   /usr/lib/jvm/java-7-openjdk-amd64/jre/lib/amd64/libverify.so
7fbeac219000-7fbeac21a000 rw-p 00011000 08:04 28843089                   /usr/lib/jvm/java-7-openjdk-amd64/jre/lib/amd64/libverify.so
7fbeac21a000-7fbeac221000 r-xp 00000000 08:04 5247316                    /lib/x86_64-linux-gnu/librt-2.19.so
7fbeac221000-7fbeac420000 ---p 00007000 08:04 5247316                    /lib/x86_64-linux-gnu/librt-2.19.so
7fbeac420000-7fbeac421000 r--p 00006000 08:04 5247316                    /lib/x86_64-linux-gnu/librt-2.19.so
7fbeac421000-7fbeac422000 rw-p 00007000 08:04 5247316                    /lib/x86_64-linux-gnu/librt-2.19.so
7fbeac422000-7fbeac438000 r-xp 00000000 08:04 5247214                    /lib/x86_64-linux-gnu/libgcc_s.so.1
7fbeac438000-7fbeac637000 ---p 00016000 08:04 5247214                    /lib/x86_64-linux-gnu/libgcc_s.so.1
7fbeac637000-7fbeac638000 rw-p 00015000 08:04 5247214                    /lib/x86_64-linux-gnu/libgcc_s.so.1
7fbeac638000-7fbeac73d000 r-xp 00000000 08:04 5247238                    /lib/x86_64-linux-gnu/libm-2.19.so
7fbeac73d000-7fbeac93c000 ---p 00105000 08:04 5247238                    /lib/x86_64-linux-gnu/libm-2.19.so
7fbeac93c000-7fbeac93d000 r--p 00104000 08:04 5247238                    /lib/x86_64-linux-gnu/libm-2.19.so
7fbeac93d000-7fbeac93e000 rw-p 00105000 08:04 5247238                    /lib/x86_64-linux-gnu/libm-2.19.so
7fbeac93e000-7fbeaca24000 r-xp 00000000 08:04 28713424                   /usr/lib/x86_64-linux-gnu/libstdc++.so.6.0.19
7fbeaca24000-7fbeacc23000 ---p 000e6000 08:04 28713424                   /usr/lib/x86_64-linux-gnu/libstdc++.so.6.0.19
7fbeacc23000-7fbeacc2b000 r--p 000e5000 08:04 28713424                   /usr/lib/x86_64-linux-gnu/libstdc++.so.6.0.19
7fbeacc2b000-7fbeacc2d000 rw-p 000ed000 08:04 28713424                   /usr/lib/x86_64-linux-gnu/libstdc++.so.6.0.19
7fbeacc2d000-7fbeacc42000 rw-p 00000000 00:00 0 
7fbeacc42000-7fbead767000 r-xp 00000000 08:04 28843100                   /usr/lib/jvm/java-7-openjdk-amd64/jre/lib/amd64/server/libjvm.so
7fbead767000-7fbead967000 ---p 00b25000 08:04 28843100                   /usr/lib/jvm/java-7-openjdk-amd64/jre/lib/amd64/server/libjvm.so
7fbead967000-7fbeada01000 r--p 00b25000 08:04 28843100                   /usr/lib/jvm/java-7-openjdk-amd64/jre/lib/amd64/server/libjvm.so
7fbeada01000-7fbeada24000 rw-p 00bbf000 08:04 28843100                   /usr/lib/jvm/java-7-openjdk-amd64/jre/lib/amd64/server/libjvm.so
7fbeada24000-7fbeada53000 rw-p 00000000 00:00 0 
7fbeada53000-7fbeada6b000 r-xp 00000000 08:04 5247351                    /lib/x86_64-linux-gnu/libz.so.1.2.8
7fbeada6b000-7fbeadc6a000 ---p 00018000 08:04 5247351                    /lib/x86_64-linux-gnu/libz.so.1.2.8
7fbeadc6a000-7fbeadc6b000 r--p 00017000 08:04 5247351                    /lib/x86_64-linux-gnu/libz.so.1.2.8
7fbeadc6b000-7fbeadc6c000 rw-p 00018000 08:04 5247351                    /lib/x86_64-linux-gnu/libz.so.1.2.8
7fbeadc6c000-7fbeadc85000 r-xp 00000000 08:04 5247308                    /lib/x86_64-linux-gnu/libpthread-2.19.so
7fbeadc85000-7fbeade84000 ---p 00019000 08:04 5247308                    /lib/x86_64-linux-gnu/libpthread-2.19.so
7fbeade84000-7fbeade85000 r--p 00018000 08:04 5247308                    /lib/x86_64-linux-gnu/libpthread-2.19.so
7fbeade85000-7fbeade86000 rw-p 00019000 08:04 5247308                    /lib/x86_64-linux-gnu/libpthread-2.19.so
7fbeade86000-7fbeade8a000 rw-p 00000000 00:00 0 
7fbeade8a000-7fbeade8d000 r-xp 00000000 08:04 5247204                    /lib/x86_64-linux-gnu/libdl-2.19.so
7fbeade8d000-7fbeae08c000 ---p 00003000 08:04 5247204                    /lib/x86_64-linux-gnu/libdl-2.19.so
7fbeae08c000-7fbeae08d000 r--p 00002000 08:04 5247204                    /lib/x86_64-linux-gnu/libdl-2.19.so
7fbeae08d000-7fbeae08e000 rw-p 00003000 08:04 5247204                    /lib/x86_64-linux-gnu/libdl-2.19.so
7fbeae08e000-7fbeae249000 r-xp 00000000 08:04 5247187                    /lib/x86_64-linux-gnu/libc-2.19.so
7fbeae249000-7fbeae448000 ---p 001bb000 08:04 5247187                    /lib/x86_64-linux-gnu/libc-2.19.so
7fbeae448000-7fbeae44c000 r--p 001ba000 08:04 5247187                    /lib/x86_64-linux-gnu/libc-2.19.so
7fbeae44c000-7fbeae44e000 rw-p 001be000 08:04 5247187                    /lib/x86_64-linux-gnu/libc-2.19.so
7fbeae44e000-7fbeae453000 rw-p 00000000 00:00 0 
7fbeae453000-7fbeae460000 r-xp 00000000 08:04 28843115                   /usr/lib/jvm/java-7-openjdk-amd64/jre/lib/amd64/jli/libjli.so
7fbeae460000-7fbeae65f000 ---p 0000d000 08:04 28843115                   /usr/lib/jvm/java-7-openjdk-amd64/jre/lib/amd64/jli/libjli.so
7fbeae65f000-7fbeae660000 r--p 0000c000 08:04 28843115                   /usr/lib/jvm/java-7-openjdk-amd64/jre/lib/amd64/jli/libjli.so
7fbeae660000-7fbeae661000 rw-p 0000d000 08:04 28843115                   /usr/lib/jvm/java-7-openjdk-amd64/jre/lib/amd64/jli/libjli.so
7fbeae661000-7fbeae684000 r-xp 00000000 08:04 5247161                    /lib/x86_64-linux-gnu/ld-2.19.so
7fbeae684000-7fbeae6a9000 rw-p 00000000 00:00 0 
7fbeae6a9000-7fbeae75c000 rw-p 00000000 00:00 0 
7fbeae75c000-7fbeae75f000 ---p 00000000 00:00 0 
7fbeae75f000-7fbeae863000 rw-p 00000000 00:00 0                          [stack:21096]
7fbeae863000-7fbeae867000 r--s 00085000 08:04 28843145                   /usr/lib/jvm/java-7-openjdk-amd64/jre/lib/ext/localedata.jar
7fbeae867000-7fbeae869000 r--s 00006000 08:04 29364344                   /usr/share/java/java-atk-wrapper.jar
7fbeae869000-7fbeae86d000 r--s 0003c000 08:04 28843146                   /usr/lib/jvm/java-7-openjdk-amd64/jre/lib/ext/sunpkcs11.jar
7fbeae86d000-7fbeae870000 r--s 0000f000 08:04 28843144                   /usr/lib/jvm/java-7-openjdk-amd64/jre/lib/ext/icedtea-sound.jar
7fbeae870000-7fbeae871000 r--s 00002000 08:04 28843141                   /usr/lib/jvm/java-7-openjdk-amd64/jre/lib/ext/dnsns.jar
7fbeae871000-7fbeae873000 r--s 00012000 08:04 28843142                   /usr/lib/jvm/java-7-openjdk-amd64/jre/lib/ext/zipfs.jar
7fbeae873000-7fbeae877000 r--s 00034000 08:04 28843143                   /usr/lib/jvm/java-7-openjdk-amd64/jre/lib/ext/sunjce_provider.jar
7fbeae877000-7fbeae87f000 rw-s 00000000 08:04 23069058                   /tmp/hsperfdata_luan/21091
7fbeae87f000-7fbeae880000 rw-p 00000000 00:00 0 
7fbeae880000-7fbeae881000 ---p 00000000 00:00 0 
7fbeae881000-7fbeae883000 rw-p 00000000 00:00 0 
7fbeae883000-7fbeae884000 r--p 00022000 08:04 5247161                    /lib/x86_64-linux-gnu/ld-2.19.so
7fbeae884000-7fbeae885000 rw-p 00023000 08:04 5247161                    /lib/x86_64-linux-gnu/ld-2.19.so
7fbeae885000-7fbeae886000 rw-p 00000000 00:00 0 
7ffe507c8000-7ffe507e9000 rw-p 00000000 00:00 0                          [stack]
7ffe507e9000-7ffe507eb000 r--p 00000000 00:00 0                          [vvar]
7ffe507eb000-7ffe507ed000 r-xp 00000000 00:00 0                          [vdso]
ffffffffff600000-ffffffffff601000 r-xp 00000000 00:00 0                  [vsyscall]

VM Arguments:
jvm_args: -Djava.awt.headless=true -Xmx1024M -Dfile.encoding=UTF-8 -Duser.country=BR -Duser.language=pt -Duser.variant 
java_command: com.android.dx.command.Main --dex --num-threads=4 --multi-dex --main-dex-list /home/luan/AndroidStudioProjects/BioB_aop/app/build/intermediates/multi-dex/debug/maindexlist.txt --output /home/luan/AndroidStudioProjects/BioB_aop/app/build/intermediates/transforms/dex/debug/folders/1000/1f/main /home/luan/AndroidStudioProjects/BioB_aop/app/build/intermediates/transforms/jarMerging/debug/jars/1/1f/combined.jar
Launcher Type: SUN_STANDARD

Environment Variables:
PATH=/usr/local/sbin:/usr/local/bin:/usr/sbin:/usr/bin:/sbin:/bin:/usr/games:/usr/local/games
USERNAME=luan
LD_LIBRARY_PATH=/opt/android-studio/bin:
SHELL=/bin/bash
DISPLAY=:0

Signal Handlers:
SIGSEGV: [libjvm.so+0x9561e0], sa_mask[0]=0x7ffbfeff, sa_flags=0x10000004
SIGBUS: [libjvm.so+0x9561e0], sa_mask[0]=0x7ffbfeff, sa_flags=0x10000004
SIGFPE: [libjvm.so+0x7cc4d0], sa_mask[0]=0x7ffbfeff, sa_flags=0x10000004
SIGPIPE: [libjvm.so+0x7cc4d0], sa_mask[0]=0x7ffbfeff, sa_flags=0x10000004
SIGXFSZ: [libjvm.so+0x7cc4d0], sa_mask[0]=0x7ffbfeff, sa_flags=0x10000004
SIGILL: [libjvm.so+0x7cc4d0], sa_mask[0]=0x7ffbfeff, sa_flags=0x10000004
SIGUSR1: SIG_DFL, sa_mask[0]=0x00000000, sa_flags=0x00000000
SIGUSR2: [libjvm.so+0x7cc370], sa_mask[0]=0x00000004, sa_flags=0x10000004
SIGHUP: [libjvm.so+0x7cc550], sa_mask[0]=0x7ffbfeff, sa_flags=0x10000004
SIGINT: [libjvm.so+0x7cc550], sa_mask[0]=0x7ffbfeff, sa_flags=0x10000004
SIGTERM: [libjvm.so+0x7cc550], sa_mask[0]=0x7ffbfeff, sa_flags=0x10000004
SIGQUIT: [libjvm.so+0x7cc550], sa_mask[0]=0x7ffbfeff, sa_flags=0x10000004
SIGTRAP: SIG_DFL, sa_mask[0]=0x00000000, sa_flags=0x00000000


---------------  S Y S T E M  ---------------

OS:LinuxMint 17.3 (rosa)
uname:Linux 3.19.0-32-generic #37~14.04.1-Ubuntu SMP Thu Oct 22 09:41:40 UTC 2015 x86_64
libc:glibc 2.19 NPTL 2.19 
rlimit: STACK 8192k, CORE 0k, NPROC 15302, NOFILE 4096, AS infinity
load average:5,50 1,64 0,71

/proc/meminfo:
MemTotal:        3949536 kB
MemFree:          105120 kB
MemAvailable:      52808 kB
Buffers:             392 kB
Cached:           344864 kB
SwapCached:            0 kB
Active:          3404344 kB
Inactive:         290916 kB
Active(anon):    3400692 kB
Inactive(anon):   271072 kB
Active(file):       3652 kB
Inactive(file):    19844 kB
Unevictable:          40 kB
Mlocked:              40 kB
SwapTotal:             0 kB
SwapFree:              0 kB
Dirty:               412 kB
Writeback:             0 kB
AnonPages:       3350288 kB
Mapped:           136960 kB
Shmem:            321516 kB
Slab:              72948 kB
SReclaimable:      40824 kB
SUnreclaim:        32124 kB
KernelStack:        9472 kB
PageTables:        33800 kB
NFS_Unstable:          0 kB
Bounce:                0 kB
WritebackTmp:          0 kB
CommitLimit:     1974768 kB
Committed_AS:    6899820 kB
VmallocTotal:   34359738367 kB
VmallocUsed:      347868 kB
VmallocChunk:   34359320304 kB
HardwareCorrupted:     0 kB
AnonHugePages:   1251328 kB
CmaTotal:              0 kB
CmaFree:               0 kB
HugePages_Total:       0
HugePages_Free:        0
HugePages_Rsvd:        0
HugePages_Surp:        0
Hugepagesize:       2048 kB
DirectMap4k:      145992 kB
DirectMap2M:     3950592 kB
DirectMap1G:           0 kB


CPU:total 4 (2 cores per cpu, 2 threads per core) family 6 model 69 stepping 1, cmov, cx8, fxsr, mmx, sse, sse2, sse3, ssse3, sse4.1, sse4.2, popcnt, avx, avx2, aes, erms, ht, tsc, tscinvbit

/proc/cpuinfo:
processor	: 0
vendor_id	: GenuineIntel
cpu family	: 6
model		: 69
model name	: Intel(R) Core(TM) i5-4210U CPU @ 1.70GHz
stepping	: 1
microcode	: 0x1c
cpu MHz		: 830.011
cache size	: 3072 KB
physical id	: 0
siblings	: 4
core id		: 0
cpu cores	: 2
apicid		: 0
initial apicid	: 0
fpu		: yes
fpu_exception	: yes
cpuid level	: 13
wp		: yes
flags		: fpu vme de pse tsc msr pae mce cx8 apic sep mtrr pge mca cmov pat pse36 clflush dts acpi mmx fxsr sse sse2 ss ht tm pbe syscall nx pdpe1gb rdtscp lm constant_tsc arch_perfmon pebs bts rep_good nopl xtopology nonstop_tsc aperfmperf eagerfpu pni pclmulqdq dtes64 monitor ds_cpl vmx est tm2 ssse3 fma cx16 xtpr pdcm pcid sse4_1 sse4_2 movbe popcnt tsc_deadline_timer aes xsave avx f16c rdrand lahf_lm abm ida arat epb pln pts dtherm tpr_shadow vnmi flexpriority ept vpid fsgsbase tsc_adjust bmi1 avx2 smep bmi2 erms invpcid xsaveopt
bugs		:
bogomips	: 3392.19
clflush size	: 64
cache_alignment	: 64
address sizes	: 39 bits physical, 48 bits virtual
power management:

processor	: 1
vendor_id	: GenuineIntel
cpu family	: 6
model		: 69
model name	: Intel(R) Core(TM) i5-4210U CPU @ 1.70GHz
stepping	: 1
microcode	: 0x1c
cpu MHz		: 830.277
cache size	: 3072 KB
physical id	: 0
siblings	: 4
core id		: 1
cpu cores	: 2
apicid		: 2
initial apicid	: 2
fpu		: yes
fpu_exception	: yes
cpuid level	: 13
wp		: yes
flags		: fpu vme de pse tsc msr pae mce cx8 apic sep mtrr pge mca cmov pat pse36 clflush dts acpi mmx fxsr sse sse2 ss ht tm pbe syscall nx pdpe1gb rdtscp lm constant_tsc arch_perfmon pebs bts rep_good nopl xtopology nonstop_tsc aperfmperf eagerfpu pni pclmulqdq dtes64 monitor ds_cpl vmx est tm2 ssse3 fma cx16 xtpr pdcm pcid sse4_1 sse4_2 movbe popcnt tsc_deadline_timer aes xsave avx f16c rdrand lahf_lm abm ida arat epb pln pts dtherm tpr_shadow vnmi flexpriority ept vpid fsgsbase tsc_adjust bmi1 avx2 smep bmi2 erms invpcid xsaveopt
bugs		:
bogomips	: 3392.19
clflush size	: 64
cache_alignment	: 64
address sizes	: 39 bits physical, 48 bits virtual
power management:

processor	: 2
vendor_id	: GenuineIntel
cpu family	: 6
model		: 69
model name	: Intel(R) Core(TM) i5-4210U CPU @ 1.70GHz
stepping	: 1
microcode	: 0x1c
cpu MHz		: 799.863
cache size	: 3072 KB
physical id	: 0
siblings	: 4
core id		: 0
cpu cores	: 2
apicid		: 1
initial apicid	: 1
fpu		: yes
fpu_exception	: yes
cpuid level	: 13
wp		: yes
flags		: fpu vme de pse tsc msr pae mce cx8 apic sep mtrr pge mca cmov pat pse36 clflush dts acpi mmx fxsr sse sse2 ss ht tm pbe syscall nx pdpe1gb rdtscp lm constant_tsc arch_perfmon pebs bts rep_good nopl xtopology nonstop_tsc aperfmperf eagerfpu pni pclmulqdq dtes64 monitor ds_cpl vmx est tm2 ssse3 fma cx16 xtpr pdcm pcid sse4_1 sse4_2 movbe popcnt tsc_deadline_timer aes xsave avx f16c rdrand lahf_lm abm ida arat epb pln pts dtherm tpr_shadow vnmi flexpriority ept vpid fsgsbase tsc_adjust bmi1 avx2 smep bmi2 erms invpcid xsaveopt
bugs		:
bogomips	: 3392.19
clflush size	: 64
cache_alignment	: 64
address sizes	: 39 bits physical, 48 bits virtual
power management:

processor	: 3
vendor_id	: GenuineIntel
cpu family	: 6
model		: 69
model name	: Intel(R) Core(TM) i5-4210U CPU @ 1.70GHz
stepping	: 1
microcode	: 0x1c
cpu MHz		: 844.753
cache size	: 3072 KB
physical id	: 0
siblings	: 4
core id		: 1
cpu cores	: 2
apicid		: 3
initial apicid	: 3
fpu		: yes
fpu_exception	: yes
cpuid level	: 13
wp		: yes
flags		: fpu vme de pse tsc msr pae mce cx8 apic sep mtrr pge mca cmov pat pse36 clflush dts acpi mmx fxsr sse sse2 ss ht tm pbe syscall nx pdpe1gb rdtscp lm constant_tsc arch_perfmon pebs bts rep_good nopl xtopology nonstop_tsc aperfmperf eagerfpu pni pclmulqdq dtes64 monitor ds_cpl vmx est tm2 ssse3 fma cx16 xtpr pdcm pcid sse4_1 sse4_2 movbe popcnt tsc_deadline_timer aes xsave avx f16c rdrand lahf_lm abm ida arat epb pln pts dtherm tpr_shadow vnmi flexpriority ept vpid fsgsbase tsc_adjust bmi1 avx2 smep bmi2 erms invpcid xsaveopt
bugs		:
bogomips	: 3392.19
clflush size	: 64
cache_alignment	: 64
address sizes	: 39 bits physical, 48 bits virtual
power management:



Memory: 4k page, physical 3949536k(105120k free), swap 0k(0k free)

vm_info: OpenJDK 64-Bit Server VM (24.95-b01) for linux-amd64 JRE (1.7.0_101-b00), built on Apr 24 2016 20:39:29 by "buildd" with gcc 4.8.2

time: Sun Oct 23 15:40:07 2016
elapsed time: 27 seconds

