#
# There is insufficient memory for the Java Runtime Environment to continue.
# Native memory allocation (malloc) failed to allocate 73400320 bytes for committing reserved memory.
# Possible reasons:
#   The system is out of physical RAM or swap space
#   In 32 bit mode, the process size limit was hit
# Possible solutions:
#   Reduce memory load on the system
#   Increase physical memory or swap space
#   Check if swap backing store is full
#   Use 64 bit Java on a 64 bit OS
#   Decrease Java heap size (-Xmx/-Xms)
#   Decrease number of Java threads
#   Decrease Java thread stack sizes (-Xss)
#   Set larger code cache with -XX:ReservedCodeCacheSize=
# This output file may be truncated or incomplete.
#
#  Out of Memory Error (os_linux.cpp:2827), pid=10155, tid=140512946763520
#
# JRE version: OpenJDK Runtime Environment (7.0_101) (build 1.7.0_101-b00)
# Java VM: OpenJDK 64-Bit Server VM (24.95-b01 mixed mode linux-amd64 compressed oops)
# Derivative: IcedTea 2.6.6
# Distribution: Ubuntu 14.04 LTS, package 7u101-2.6.6-0ubuntu0.14.04.1
# Failed to write core dump. Core dumps have been disabled. To enable core dumping, try "ulimit -c unlimited" before starting Java again
#

---------------  T H R E A D  ---------------

Current thread (0x00007fcbb4076000):  VMThread [stack: 0x00007fcbb8373000,0x00007fcbb8474000] [id=10164]

Stack: [0x00007fcbb8373000,0x00007fcbb8474000],  sp=0x00007fcbb8472490,  free space=1021k
Native frames: (J=compiled Java code, j=interpreted, Vv=VM code, C=native code)
V  [libjvm.so+0x955705]
V  [libjvm.so+0x490c44]
V  [libjvm.so+0x7d0c9b]
V  [libjvm.so+0x7cb75f]
V  [libjvm.so+0x83ee5b]
V  [libjvm.so+0x83fcc0]
V  [libjvm.so+0x8403ab]
V  [libjvm.so+0x83c5e8]
V  [libjvm.so+0x83ce58]
V  [libjvm.so+0x7f34a3]
V  [libjvm.so+0x957104]
V  [libjvm.so+0x95b207]
V  [libjvm.so+0x959cc8]
V  [libjvm.so+0x95a129]
V  [libjvm.so+0x95a572]
V  [libjvm.so+0x7cdb62]

VM_Operation (0x00007fcbac97e070): ParallelGCFailedAllocation, mode: safepoint, requested by thread 0x00007fcbb41db000


---------------  P R O C E S S  ---------------

Java Threads: ( => current thread )
  0x00007fcbb41db000 JavaThread "pool-2-thread-3" [_thread_blocked, id=10175, stack(0x00007fcbac87f000,0x00007fcbac980000)]
  0x00007fcbb41d7000 JavaThread "pool-2-thread-2" [_thread_blocked, id=10174, stack(0x00007fcbac980000,0x00007fcbaca81000)]
  0x00007fcbb41c9000 JavaThread "pool-3-thread-1" [_thread_blocked, id=10173, stack(0x00007fcbaca81000,0x00007fcbacb82000)]
  0x00007fcbb41c7000 JavaThread "pool-2-thread-1" [_thread_blocked, id=10172, stack(0x00007fcbacb82000,0x00007fcbacc83000)]
  0x00007fcbb40b0800 JavaThread "Service Thread" daemon [_thread_blocked, id=10170, stack(0x00007fcbae502000,0x00007fcbae603000)]
  0x00007fcbb40ae000 JavaThread "C2 CompilerThread1" daemon [_thread_blocked, id=10169, stack(0x00007fcbae603000,0x00007fcbae704000)]
  0x00007fcbb40ab800 JavaThread "C2 CompilerThread0" daemon [_thread_blocked, id=10168, stack(0x00007fcbae704000,0x00007fcbae805000)]
  0x00007fcbb40a9000 JavaThread "Signal Dispatcher" daemon [_thread_blocked, id=10167, stack(0x00007fcbb8070000,0x00007fcbb8171000)]
  0x00007fcbb407c800 JavaThread "Finalizer" daemon [_thread_blocked, id=10166, stack(0x00007fcbb8171000,0x00007fcbb8272000)]
  0x00007fcbb407a800 JavaThread "Reference Handler" daemon [_thread_blocked, id=10165, stack(0x00007fcbb8272000,0x00007fcbb8373000)]
  0x00007fcbb400a800 JavaThread "main" [_thread_blocked, id=10157, stack(0x00007fcbbd537000,0x00007fcbbd638000)]

Other Threads:
=>0x00007fcbb4076000 VMThread [stack: 0x00007fcbb8373000,0x00007fcbb8474000] [id=10164]
  0x00007fcbb40bb000 WatcherThread [stack: 0x00007fcbae401000,0x00007fcbae502000] [id=10171]

VM state:at safepoint (normal execution)

VM Mutex/Monitor currently owned by a thread:  ([mutex/lock_event])
[0x00007fcbb4006b00] Threads_lock - owner thread: 0x00007fcbb4076000
[0x00007fcbb4007000] Heap_lock - owner thread: 0x00007fcbb41db000

Heap
 PSYoungGen      total 72192K, used 9193K [0x00000000eaa80000, 0x00000000efa80000, 0x0000000100000000)
  eden space 62976K, 0% used [0x00000000eaa80000,0x00000000eaa80000,0x00000000ee800000)
  from space 9216K, 99% used [0x00000000ee800000,0x00000000ef0fa6f0,0x00000000ef100000)
  to   space 8704K, 0% used [0x00000000ef100000,0x00000000ef100000,0x00000000ef980000)
 ParOldGen       total 40960K, used 22326K [0x00000000c0000000, 0x00000000c2800000, 0x00000000eaa80000)
  object space 40960K, 54% used [0x00000000c0000000,0x00000000c15cd8b8,0x00000000c2800000)
 PSPermGen       total 21504K, used 6349K [0x00000000b5a00000, 0x00000000b6f00000, 0x00000000c0000000)
  object space 21504K, 29% used [0x00000000b5a00000,0x00000000b6033790,0x00000000b6f00000)

Card table byte_map: [0x00007fcbb9f1c000,0x00007fcbba170000] byte_map_base: 0x00007fcbb996f000

Polling page: 0x00007fcbbd65b000

Code Cache  [0x00007fcbb1000000, 0x00007fcbb1270000, 0x00007fcbb4000000)
 total_blobs=507 nmethods=276 adapters=184 free_code_cache=47981Kb largest_free_block=49087360

Compilation events (10 events):
Event: 14,699 Thread 0x00007fcbb40ab800 nmethod 276 0x00007fcbb10fcb50 code [0x00007fcbb10fcca0, 0x00007fcbb10fcd38]
Event: 14,699 Thread 0x00007fcbb40ab800  277             com.android.dx.ssa.back.SsaToRop::convertInsns (53 bytes)
Event: 14,726 Thread 0x00007fcbb40ab800 nmethod 277 0x00007fcbb10fc090 code [0x00007fcbb10fc220, 0x00007fcbb10fc658]
Event: 14,726 Thread 0x00007fcbb40ab800  278             com.android.dx.rop.cst.Constant::compareTo (33 bytes)
Event: 14,728 Thread 0x00007fcbb40ab800 nmethod 278 0x00007fcbb10fed10 code [0x00007fcbb10fee80, 0x00007fcbb10ff098]
Event: 14,728 Thread 0x00007fcbb40ab800  279             com.android.dx.rop.cst.CstType::compareTo0 (25 bytes)
Event: 14,753 Thread 0x00007fcbb40ab800 nmethod 279 0x00007fcbb10fe850 code [0x00007fcbb10fe9a0, 0x00007fcbb10feb98]
Event: 14,753 Thread 0x00007fcbb40ab800  280             com.android.dx.util.FixedSizeList::hashCode (8 bytes)
Event: 14,756 Thread 0x00007fcbb40ab800 nmethod 280 0x00007fcbb10fe450 code [0x00007fcbb10fe5a0, 0x00007fcbb10fe718]
Event: 14,756 Thread 0x00007fcbb40ab800  281   !         com.android.dx.cf.code.BytecodeArray::parseInstruction (2764 bytes)

GC Heap History (10 events):
Event: 4,089 GC heap after
Heap after GC invocations=2 (full 0):
 PSYoungGen      total 18432K, used 2546K [0x00000000eaa80000, 0x00000000ece80000, 0x0000000100000000)
  eden space 15872K, 0% used [0x00000000eaa80000,0x00000000eaa80000,0x00000000eba00000)
  from space 2560K, 99% used [0x00000000ebc80000,0x00000000ebefc9f0,0x00000000ebf00000)
  to   space 2560K, 0% used [0x00000000eba00000,0x00000000eba00000,0x00000000ebc80000)
 ParOldGen       total 40960K, used 3660K [0x00000000c0000000, 0x00000000c2800000, 0x00000000eaa80000)
  object space 40960K, 8% used [0x00000000c0000000,0x00000000c03933b0,0x00000000c2800000)
 PSPermGen       total 21504K, used 6163K [0x00000000b5a00000, 0x00000000b6f00000, 0x00000000c0000000)
  object space 21504K, 28% used [0x00000000b5a00000,0x00000000b6004dc0,0x00000000b6f00000)
}
Event: 5,862 GC heap before
{Heap before GC invocations=3 (full 0):
 PSYoungGen      total 18432K, used 18418K [0x00000000eaa80000, 0x00000000ece80000, 0x0000000100000000)
  eden space 15872K, 100% used [0x00000000eaa80000,0x00000000eba00000,0x00000000eba00000)
  from space 2560K, 99% used [0x00000000ebc80000,0x00000000ebefc9f0,0x00000000ebf00000)
  to   space 2560K, 0% used [0x00000000eba00000,0x00000000eba00000,0x00000000ebc80000)
 ParOldGen       total 40960K, used 3660K [0x00000000c0000000, 0x00000000c2800000, 0x00000000eaa80000)
  object space 40960K, 8% used [0x00000000c0000000,0x00000000c03933b0,0x00000000c2800000)
 PSPermGen       total 21504K, used 6205K [0x00000000b5a00000, 0x00000000b6f00000, 0x00000000c0000000)
  object space 21504K, 28% used [0x00000000b5a00000,0x00000000b600f728,0x00000000b6f00000)
Event: 5,886 GC heap after
Heap after GC invocations=3 (full 0):
 PSYoungGen      total 18432K, used 2551K [0x00000000eaa80000, 0x00000000ece80000, 0x0000000100000000)
  eden space 15872K, 0% used [0x00000000eaa80000,0x00000000eaa80000,0x00000000eba00000)
  from space 2560K, 99% used [0x00000000eba00000,0x00000000ebc7df50,0x00000000ebc80000)
  to   space 2560K, 0% used [0x00000000ecc00000,0x00000000ecc00000,0x00000000ece80000)
 ParOldGen       total 40960K, used 6221K [0x00000000c0000000, 0x00000000c2800000, 0x00000000eaa80000)
  object space 40960K, 15% used [0x00000000c0000000,0x00000000c0613718,0x00000000c2800000)
 PSPermGen       total 21504K, used 6205K [0x00000000b5a00000, 0x00000000b6f00000, 0x00000000c0000000)
  object space 21504K, 28% used [0x00000000b5a00000,0x00000000b600f728,0x00000000b6f00000)
}
Event: 8,006 GC heap before
{Heap before GC invocations=4 (full 0):
 PSYoungGen      total 18432K, used 18423K [0x00000000eaa80000, 0x00000000ece80000, 0x0000000100000000)
  eden space 15872K, 100% used [0x00000000eaa80000,0x00000000eba00000,0x00000000eba00000)
  from space 2560K, 99% used [0x00000000eba00000,0x00000000ebc7df50,0x00000000ebc80000)
  to   space 2560K, 0% used [0x00000000ecc00000,0x00000000ecc00000,0x00000000ece80000)
 ParOldGen       total 40960K, used 6221K [0x00000000c0000000, 0x00000000c2800000, 0x00000000eaa80000)
  object space 40960K, 15% used [0x00000000c0000000,0x00000000c0613718,0x00000000c2800000)
 PSPermGen       total 21504K, used 6248K [0x00000000b5a00000, 0x00000000b6f00000, 0x00000000c0000000)
  object space 21504K, 29% used [0x00000000b5a00000,0x00000000b601a1f0,0x00000000b6f00000)
Event: 8,039 GC heap after
Heap after GC invocations=4 (full 0):
 PSYoungGen      total 34304K, used 2553K [0x00000000eaa80000, 0x00000000ece80000, 0x0000000100000000)
  eden space 31744K, 0% used [0x00000000eaa80000,0x00000000eaa80000,0x00000000ec980000)
  from space 2560K, 99% used [0x00000000ecc00000,0x00000000ece7e430,0x00000000ece80000)
  to   space 2560K, 0% used [0x00000000ec980000,0x00000000ec980000,0x00000000ecc00000)
 ParOldGen       total 40960K, used 9252K [0x00000000c0000000, 0x00000000c2800000, 0x00000000eaa80000)
  object space 40960K, 22% used [0x00000000c0000000,0x00000000c09091b8,0x00000000c2800000)
 PSPermGen       total 21504K, used 6248K [0x00000000b5a00000, 0x00000000b6f00000, 0x00000000c0000000)
  object space 21504K, 29% used [0x00000000b5a00000,0x00000000b601a1f0,0x00000000b6f00000)
}
Event: 10,077 GC heap before
{Heap before GC invocations=5 (full 0):
 PSYoungGen      total 34304K, used 34297K [0x00000000eaa80000, 0x00000000ece80000, 0x0000000100000000)
  eden space 31744K, 100% used [0x00000000eaa80000,0x00000000ec980000,0x00000000ec980000)
  from space 2560K, 99% used [0x00000000ecc00000,0x00000000ece7e430,0x00000000ece80000)
  to   space 2560K, 0% used [0x00000000ec980000,0x00000000ec980000,0x00000000ecc00000)
 ParOldGen       total 40960K, used 9252K [0x00000000c0000000, 0x00000000c2800000, 0x00000000eaa80000)
  object space 40960K, 22% used [0x00000000c0000000,0x00000000c09091b8,0x00000000c2800000)
 PSPermGen       total 21504K, used 6289K [0x00000000b5a00000, 0x00000000b6f00000, 0x00000000c0000000)
  object space 21504K, 29% used [0x00000000b5a00000,0x00000000b6024608,0x00000000b6f00000)
Event: 10,132 GC heap after
Heap after GC invocations=5 (full 0):
 PSYoungGen      total 34304K, used 2542K [0x00000000eaa80000, 0x00000000ef980000, 0x0000000100000000)
  eden space 31744K, 0% used [0x00000000eaa80000,0x00000000eaa80000,0x00000000ec980000)
  from space 2560K, 99% used [0x00000000ec980000,0x00000000ecbfb8c0,0x00000000ecc00000)
  to   space 8704K, 0% used [0x00000000ef100000,0x00000000ef100000,0x00000000ef980000)
 ParOldGen       total 40960K, used 15174K [0x00000000c0000000, 0x00000000c2800000, 0x00000000eaa80000)
  object space 40960K, 37% used [0x00000000c0000000,0x00000000c0ed1ba8,0x00000000c2800000)
 PSPermGen       total 21504K, used 6289K [0x00000000b5a00000, 0x00000000b6f00000, 0x00000000c0000000)
  object space 21504K, 29% used [0x00000000b5a00000,0x00000000b6024608,0x00000000b6f00000)
}
Event: 11,675 GC heap before
{Heap before GC invocations=6 (full 0):
 PSYoungGen      total 34304K, used 34286K [0x00000000eaa80000, 0x00000000ef980000, 0x0000000100000000)
  eden space 31744K, 100% used [0x00000000eaa80000,0x00000000ec980000,0x00000000ec980000)
  from space 2560K, 99% used [0x00000000ec980000,0x00000000ecbfb8c0,0x00000000ecc00000)
  to   space 8704K, 0% used [0x00000000ef100000,0x00000000ef100000,0x00000000ef980000)
 ParOldGen       total 40960K, used 15174K [0x00000000c0000000, 0x00000000c2800000, 0x00000000eaa80000)
  object space 40960K, 37% used [0x00000000c0000000,0x00000000c0ed1ba8,0x00000000c2800000)
 PSPermGen       total 21504K, used 6301K [0x00000000b5a00000, 0x00000000b6f00000, 0x00000000c0000000)
  object space 21504K, 29% used [0x00000000b5a00000,0x00000000b60274e8,0x00000000b6f00000)
Event: 11,742 GC heap after
Heap after GC invocations=6 (full 0):
 PSYoungGen      total 71680K, used 7275K [0x00000000eaa80000, 0x00000000efa80000, 0x0000000100000000)
  eden space 62976K, 0% used [0x00000000eaa80000,0x00000000eaa80000,0x00000000ee800000)
  from space 8704K, 83% used [0x00000000ef100000,0x00000000ef81af38,0x00000000ef980000)
  to   space 9216K, 0% used [0x00000000ee800000,0x00000000ee800000,0x00000000ef100000)
 ParOldGen       total 40960K, used 15174K [0x00000000c0000000, 0x00000000c2800000, 0x00000000eaa80000)
  object space 40960K, 37% used [0x00000000c0000000,0x00000000c0ed1ba8,0x00000000c2800000)
 PSPermGen       total 21504K, used 6301K [0x00000000b5a00000, 0x00000000b6f00000, 0x00000000c0000000)
  object space 21504K, 29% used [0x00000000b5a00000,0x00000000b60274e8,0x00000000b6f00000)
}
Event: 15,198 GC heap before
{Heap before GC invocations=7 (full 0):
 PSYoungGen      total 71680K, used 70251K [0x00000000eaa80000, 0x00000000efa80000, 0x0000000100000000)
  eden space 62976K, 100% used [0x00000000eaa80000,0x00000000ee800000,0x00000000ee800000)
  from space 8704K, 83% used [0x00000000ef100000,0x00000000ef81af38,0x00000000ef980000)
  to   space 9216K, 0% used [0x00000000ee800000,0x00000000ee800000,0x00000000ef100000)
 ParOldGen       total 40960K, used 15174K [0x00000000c0000000, 0x00000000c2800000, 0x00000000eaa80000)
  object space 40960K, 37% used [0x00000000c0000000,0x00000000c0ed1ba8,0x00000000c2800000)
 PSPermGen       total 21504K, used 6349K [0x00000000b5a00000, 0x00000000b6f00000, 0x00000000c0000000)
  object space 21504K, 29% used [0x00000000b5a00000,0x00000000b6033790,0x00000000b6f00000)

Deoptimization events (10 events):
Event: 2,412 Thread 0x00007fcbb400a800 Uncommon trap: reason=class_check action=maybe_recompile pc=0x00007fcbb108012c method=com.android.dx.ssa.NormalSsaInsn.accept(Lcom/android/dx/ssa/SsaInsn$Visitor;)V @ 9
Event: 2,445 Thread 0x00007fcbb41db000 Uncommon trap: reason=null_check action=make_not_entrant pc=0x00007fcbb108034c method=com.android.dx.rop.code.LocalItem.equals(Ljava/lang/Object;)Z @ 1
Event: 3,505 Thread 0x00007fcbb41d7000 Uncommon trap: reason=unstable_if action=reinterpret pc=0x00007fcbb109a904 method=com.android.dx.rop.cst.Constant.compareTo(Lcom/android/dx/rop/cst/Constant;)I @ 12
Event: 4,007 Thread 0x00007fcbb41dc000 Uncommon trap: reason=unstable_if action=reinterpret pc=0x00007fcbb1094588 method=com.android.dx.rop.code.RegisterSpec.equals(ILcom/android/dx/rop/type/TypeBearer;Lcom/android/dx/rop/code/LocalItem;)Z @ 42
Event: 7,656 Thread 0x00007fcbb400a800 Uncommon trap: reason=null_check action=make_not_entrant pc=0x00007fcbb108b8a0 method=com.android.dx.ssa.SsaRenamer.getLocalForNewReg(I)Lcom/android/dx/rop/code/LocalItem; @ 19
Event: 9,142 Thread 0x00007fcbb41c7000 Uncommon trap: reason=unstable_if action=reinterpret pc=0x00007fcbb10d72f4 method=com.android.dx.util.IntList.binarysearch(I)I @ 105
Event: 9,557 Thread 0x00007fcbb41d7000 Uncommon trap: reason=unstable_if action=reinterpret pc=0x00007fcbb10b3c10 method=java.util.HashMap.put(Ljava/lang/Object;Ljava/lang/Object;)Ljava/lang/Object; @ 86
Event: 12,339 Thread 0x00007fcbb400a800 Uncommon trap: reason=unstable_if action=reinterpret pc=0x00007fcbb10f367c method=com.android.dx.rop.code.LocalVariableInfo.mergeStarts(ILcom/android/dx/rop/code/RegisterSpecSet;)Z @ 31
Event: 12,681 Thread 0x00007fcbb41d7000 Uncommon trap: reason=unstable_if action=reinterpret pc=0x00007fcbb10cbd70 method=com.android.dx.ssa.LocalVariableExtractor.processBlock(I)V @ 251
Event: 13,700 Thread 0x00007fcbb41dc000 Uncommon trap: reason=null_check action=make_not_entrant pc=0x00007fcbb108e7c4 method=com.android.dx.ssa.SsaRenamer.getLocalForNewReg(I)Lcom/android/dx/rop/code/LocalItem; @ 19

Internal exceptions (10 events):
Event: 3,156 Thread 0x00007fcbb400a800 Threw 0x00000000eaea6558 at /build/openjdk-7-9duhBW/openjdk-7-7u101-2.6.6/build/openjdk/hotspot/src/share/vm/prims/jvm.cpp:1322
Event: 6,161 Thread 0x00007fcbb41db000 Threw 0x00000000eac4c538 at /build/openjdk-7-9duhBW/openjdk-7-7u101-2.6.6/build/openjdk/hotspot/src/share/vm/prims/jvm.cpp:1322
Event: 6,162 Thread 0x00007fcbb41db000 Threw 0x00000000eac524c0 at /build/openjdk-7-9duhBW/openjdk-7-7u101-2.6.6/build/openjdk/hotspot/src/share/vm/prims/jvm.cpp:1322
Event: 6,162 Thread 0x00007fcbb41db000 Threw 0x00000000eac582c0 at /build/openjdk-7-9duhBW/openjdk-7-7u101-2.6.6/build/openjdk/hotspot/src/share/vm/prims/jvm.cpp:1322
Event: 7,656 Thread 0x00007fcbb400a800 Implicit null exception at 0x00007fcbb108ac97 to 0x00007fcbb108b885
Event: 8,695 Thread 0x00007fcbb400a800 Threw 0x00000000eb2c5ea8 at /build/openjdk-7-9duhBW/openjdk-7-7u101-2.6.6/build/openjdk/hotspot/src/share/vm/prims/jvm.cpp:1322
Event: 8,696 Thread 0x00007fcbb400a800 Threw 0x00000000eb2c8d18 at /build/openjdk-7-9duhBW/openjdk-7-7u101-2.6.6/build/openjdk/hotspot/src/share/vm/prims/jvm.cpp:1322
Event: 9,655 Thread 0x00007fcbb41c7000 Threw 0x00000000ec21a298 at /build/openjdk-7-9duhBW/openjdk-7-7u101-2.6.6/build/openjdk/hotspot/src/share/vm/prims/jvm.cpp:1322
Event: 12,275 Thread 0x00007fcbb400a800 Threw 0x00000000eb7b9438 at /build/openjdk-7-9duhBW/openjdk-7-7u101-2.6.6/build/openjdk/hotspot/src/share/vm/prims/jvm.cpp:1322
Event: 13,700 Thread 0x00007fcbb41dc000 Implicit null exception at 0x00007fcbb108dd16 to 0x00007fcbb108e7ad

Events (10 events):
Event: 12,681 Thread 0x00007fcbb41d7000 DEOPT UNPACKING pc=0x00007fcbb1039445 sp=0x00007fcbaca7f150 mode 2
Event: 13,604 loading class 0x00007fcbb96d52f0
Event: 13,604 loading class 0x00007fcbb96d52f0 done
Event: 13,604 loading class 0x00007fcbb96d5260
Event: 13,604 loading class 0x00007fcbb96d5260 done
Event: 13,700 Thread 0x00007fcbb41dc000 Uncommon trap: trap_request=0xfffffff4 fr.pc=0x00007fcbb108e7c4
Event: 13,700 Thread 0x00007fcbb41dc000 DEOPT PACKING pc=0x00007fcbb108e7c4 sp=0x00007fcbac87d040
Event: 13,700 Thread 0x00007fcbb41dc000 DEOPT UNPACKING pc=0x00007fcbb1039445 sp=0x00007fcbac87cec8 mode 2
Event: 14,058 Thread 0x00007fcbb41dc000 Thread exited: 0x00007fcbb41dc000
Event: 15,124 Executing VM operation: ParallelGCFailedAllocation


Dynamic libraries:
00400000-00401000 r-xp 00000000 08:04 28837979                           /usr/lib/jvm/java-7-openjdk-amd64/jre/bin/java
00600000-00601000 r--p 00000000 08:04 28837979                           /usr/lib/jvm/java-7-openjdk-amd64/jre/bin/java
00601000-00602000 rw-p 00001000 08:04 28837979                           /usr/lib/jvm/java-7-openjdk-amd64/jre/bin/java
00a22000-00a43000 rw-p 00000000 00:00 0                                  [heap]
b5a00000-b6f00000 rw-p 00000000 00:00 0 
b6f00000-c0000000 rw-p 00000000 00:00 0 
c0000000-c2800000 rw-p 00000000 00:00 0 
c2800000-eaa80000 rw-p 00000000 00:00 0 
eaa80000-efa80000 rw-p 00000000 00:00 0 
f4080000-100000000 rw-p 00000000 00:00 0 
7fcb68000000-7fcb68028000 rw-p 00000000 00:00 0 
7fcb68028000-7fcb6c000000 ---p 00000000 00:00 0 
7fcb6c000000-7fcb6c021000 rw-p 00000000 00:00 0 
7fcb6c021000-7fcb70000000 ---p 00000000 00:00 0 
7fcb70000000-7fcb70021000 rw-p 00000000 00:00 0 
7fcb70021000-7fcb74000000 ---p 00000000 00:00 0 
7fcb74000000-7fcb74021000 rw-p 00000000 00:00 0 
7fcb74021000-7fcb78000000 ---p 00000000 00:00 0 
7fcb78000000-7fcb78021000 rw-p 00000000 00:00 0 
7fcb78021000-7fcb7c000000 ---p 00000000 00:00 0 
7fcb7c000000-7fcb7c039000 rw-p 00000000 00:00 0 
7fcb7c039000-7fcb80000000 ---p 00000000 00:00 0 
7fcb80000000-7fcb81645000 rw-p 00000000 00:00 0 
7fcb81645000-7fcb84000000 ---p 00000000 00:00 0 
7fcb84000000-7fcb84021000 rw-p 00000000 00:00 0 
7fcb84021000-7fcb88000000 ---p 00000000 00:00 0 
7fcb88000000-7fcb88021000 rw-p 00000000 00:00 0 
7fcb88021000-7fcb8c000000 ---p 00000000 00:00 0 
7fcb8c000000-7fcb8d21c000 rw-p 00000000 00:00 0 
7fcb8d21c000-7fcb90000000 ---p 00000000 00:00 0 
7fcb90000000-7fcb90021000 rw-p 00000000 00:00 0 
7fcb90021000-7fcb94000000 ---p 00000000 00:00 0 
7fcb94000000-7fcb94021000 rw-p 00000000 00:00 0 
7fcb94021000-7fcb98000000 ---p 00000000 00:00 0 
7fcb98000000-7fcb98021000 rw-p 00000000 00:00 0 
7fcb98021000-7fcb9c000000 ---p 00000000 00:00 0 
7fcb9c000000-7fcb9c021000 rw-p 00000000 00:00 0 
7fcb9c021000-7fcba0000000 ---p 00000000 00:00 0 
7fcba0000000-7fcba0021000 rw-p 00000000 00:00 0 
7fcba0021000-7fcba4000000 ---p 00000000 00:00 0 
7fcba4000000-7fcba4021000 rw-p 00000000 00:00 0 
7fcba4021000-7fcba8000000 ---p 00000000 00:00 0 
7fcba8000000-7fcba8021000 rw-p 00000000 00:00 0 
7fcba8021000-7fcbac000000 ---p 00000000 00:00 0 
7fcbac77e000-7fcbac781000 ---p 00000000 00:00 0 
7fcbac781000-7fcbac87f000 rw-p 00000000 00:00 0 
7fcbac87f000-7fcbac882000 ---p 00000000 00:00 0 
7fcbac882000-7fcbac980000 rw-p 00000000 00:00 0                          [stack:10175]
7fcbac980000-7fcbac983000 ---p 00000000 00:00 0 
7fcbac983000-7fcbaca81000 rw-p 00000000 00:00 0                          [stack:10174]
7fcbaca81000-7fcbaca84000 ---p 00000000 00:00 0 
7fcbaca84000-7fcbacb82000 rw-p 00000000 00:00 0                          [stack:10173]
7fcbacb82000-7fcbacb85000 ---p 00000000 00:00 0 
7fcbacb85000-7fcbacc83000 rw-p 00000000 00:00 0                          [stack:10172]
7fcbacc83000-7fcbaccc0000 r-xp 00000000 08:04 5247291                    /lib/x86_64-linux-gnu/libpcre.so.3.13.1
7fcbaccc0000-7fcbacebf000 ---p 0003d000 08:04 5247291                    /lib/x86_64-linux-gnu/libpcre.so.3.13.1
7fcbacebf000-7fcbacec0000 r--p 0003c000 08:04 5247291                    /lib/x86_64-linux-gnu/libpcre.so.3.13.1
7fcbacec0000-7fcbacec1000 rw-p 0003d000 08:04 5247291                    /lib/x86_64-linux-gnu/libpcre.so.3.13.1
7fcbacec1000-7fcbacec8000 r-xp 00000000 08:04 28712694                   /usr/lib/x86_64-linux-gnu/libffi.so.6.0.1
7fcbacec8000-7fcbad0c7000 ---p 00007000 08:04 28712694                   /usr/lib/x86_64-linux-gnu/libffi.so.6.0.1
7fcbad0c7000-7fcbad0c8000 r--p 00006000 08:04 28712694                   /usr/lib/x86_64-linux-gnu/libffi.so.6.0.1
7fcbad0c8000-7fcbad0c9000 rw-p 00007000 08:04 28712694                   /usr/lib/x86_64-linux-gnu/libffi.so.6.0.1
7fcbad0c9000-7fcbad0e0000 r-xp 00000000 08:04 5247314                    /lib/x86_64-linux-gnu/libresolv-2.19.so
7fcbad0e0000-7fcbad2e0000 ---p 00017000 08:04 5247314                    /lib/x86_64-linux-gnu/libresolv-2.19.so
7fcbad2e0000-7fcbad2e1000 r--p 00017000 08:04 5247314                    /lib/x86_64-linux-gnu/libresolv-2.19.so
7fcbad2e1000-7fcbad2e2000 rw-p 00018000 08:04 5247314                    /lib/x86_64-linux-gnu/libresolv-2.19.so
7fcbad2e2000-7fcbad2e4000 rw-p 00000000 00:00 0 
7fcbad2e4000-7fcbad304000 r-xp 00000000 08:04 5247318                    /lib/x86_64-linux-gnu/libselinux.so.1
7fcbad304000-7fcbad503000 ---p 00020000 08:04 5247318                    /lib/x86_64-linux-gnu/libselinux.so.1
7fcbad503000-7fcbad504000 r--p 0001f000 08:04 5247318                    /lib/x86_64-linux-gnu/libselinux.so.1
7fcbad504000-7fcbad505000 rw-p 00020000 08:04 5247318                    /lib/x86_64-linux-gnu/libselinux.so.1
7fcbad505000-7fcbad507000 rw-p 00000000 00:00 0 
7fcbad507000-7fcbad50a000 r-xp 00000000 08:04 28712833                   /usr/lib/x86_64-linux-gnu/libgmodule-2.0.so.0.4002.0
7fcbad50a000-7fcbad709000 ---p 00003000 08:04 28712833                   /usr/lib/x86_64-linux-gnu/libgmodule-2.0.so.0.4002.0
7fcbad709000-7fcbad70a000 r--p 00002000 08:04 28712833                   /usr/lib/x86_64-linux-gnu/libgmodule-2.0.so.0.4002.0
7fcbad70a000-7fcbad70b000 rw-p 00003000 08:04 28712833                   /usr/lib/x86_64-linux-gnu/libgmodule-2.0.so.0.4002.0
7fcbad70b000-7fcbad811000 r-xp 00000000 08:04 5247218                    /lib/x86_64-linux-gnu/libglib-2.0.so.0.4002.0
7fcbad811000-7fcbada10000 ---p 00106000 08:04 5247218                    /lib/x86_64-linux-gnu/libglib-2.0.so.0.4002.0
7fcbada10000-7fcbada11000 r--p 00105000 08:04 5247218                    /lib/x86_64-linux-gnu/libglib-2.0.so.0.4002.0
7fcbada11000-7fcbada12000 rw-p 00106000 08:04 5247218                    /lib/x86_64-linux-gnu/libglib-2.0.so.0.4002.0
7fcbada12000-7fcbada13000 rw-p 00000000 00:00 0 
7fcbada13000-7fcbada62000 r-xp 00000000 08:04 28712857                   /usr/lib/x86_64-linux-gnu/libgobject-2.0.so.0.4002.0
7fcbada62000-7fcbadc62000 ---p 0004f000 08:04 28712857                   /usr/lib/x86_64-linux-gnu/libgobject-2.0.so.0.4002.0
7fcbadc62000-7fcbadc63000 r--p 0004f000 08:04 28712857                   /usr/lib/x86_64-linux-gnu/libgobject-2.0.so.0.4002.0
7fcbadc63000-7fcbadc64000 rw-p 00050000 08:04 28712857                   /usr/lib/x86_64-linux-gnu/libgobject-2.0.so.0.4002.0
7fcbadc64000-7fcbaddd0000 r-xp 00000000 08:04 28712819                   /usr/lib/x86_64-linux-gnu/libgio-2.0.so.0.4002.0
7fcbaddd0000-7fcbadfcf000 ---p 0016c000 08:04 28712819                   /usr/lib/x86_64-linux-gnu/libgio-2.0.so.0.4002.0
7fcbadfcf000-7fcbadfd3000 r--p 0016b000 08:04 28712819                   /usr/lib/x86_64-linux-gnu/libgio-2.0.so.0.4002.0
7fcbadfd3000-7fcbadfd5000 rw-p 0016f000 08:04 28712819                   /usr/lib/x86_64-linux-gnu/libgio-2.0.so.0.4002.0
7fcbadfd5000-7fcbadfd7000 rw-p 00000000 00:00 0 
7fcbadfd7000-7fcbadfee000 r-xp 00000000 08:04 28843097                   /usr/lib/jvm/java-7-openjdk-amd64/jre/lib/amd64/libnet.so
7fcbadfee000-7fcbae1ed000 ---p 00017000 08:04 28843097                   /usr/lib/jvm/java-7-openjdk-amd64/jre/lib/amd64/libnet.so
7fcbae1ed000-7fcbae1ee000 r--p 00016000 08:04 28843097                   /usr/lib/jvm/java-7-openjdk-amd64/jre/lib/amd64/libnet.so
7fcbae1ee000-7fcbae1ef000 rw-p 00017000 08:04 28843097                   /usr/lib/jvm/java-7-openjdk-amd64/jre/lib/amd64/libnet.so
7fcbae1ef000-7fcbae1ff000 r-xp 00000000 08:04 28843118                   /usr/lib/jvm/java-7-openjdk-amd64/jre/lib/amd64/libnio.so
7fcbae1ff000-7fcbae3ff000 ---p 00010000 08:04 28843118                   /usr/lib/jvm/java-7-openjdk-amd64/jre/lib/amd64/libnio.so
7fcbae3ff000-7fcbae400000 r--p 00010000 08:04 28843118                   /usr/lib/jvm/java-7-openjdk-amd64/jre/lib/amd64/libnio.so
7fcbae400000-7fcbae401000 rw-p 00011000 08:04 28843118                   /usr/lib/jvm/java-7-openjdk-amd64/jre/lib/amd64/libnio.so
7fcbae401000-7fcbae402000 ---p 00000000 00:00 0 
7fcbae402000-7fcbae502000 rw-p 00000000 00:00 0                          [stack:10171]
7fcbae502000-7fcbae505000 ---p 00000000 00:00 0 
7fcbae505000-7fcbae603000 rw-p 00000000 00:00 0                          [stack:10170]
7fcbae603000-7fcbae606000 ---p 00000000 00:00 0 
7fcbae606000-7fcbae704000 rw-p 00000000 00:00 0                          [stack:10169]
7fcbae704000-7fcbae707000 ---p 00000000 00:00 0 
7fcbae707000-7fcbae805000 rw-p 00000000 00:00 0                          [stack:10168]
7fcbae805000-7fcbaead0000 r--p 00000000 08:04 28711040                   /usr/lib/locale/locale-archive
7fcbaead0000-7fcbb1000000 rw-p 00000000 00:00 0 
7fcbb1000000-7fcbb1270000 rwxp 00000000 00:00 0 
7fcbb1270000-7fcbb41f6000 rw-p 00000000 00:00 0 
7fcbb41f6000-7fcbb8000000 ---p 00000000 00:00 0 
7fcbb8005000-7fcbb800c000 r--s 00000000 08:04 29231493                   /usr/lib/x86_64-linux-gnu/gconv/gconv-modules.cache
7fcbb800c000-7fcbb803d000 rw-p 00000000 00:00 0 
7fcbb803f000-7fcbb8061000 r--p 00000000 08:04 30685233                   /usr/share/locale-langpack/pt_BR/LC_MESSAGES/libc.mo
7fcbb8061000-7fcbb8070000 r--s 000df000 08:04 32507487                   /home/luan/Android/Sdk/build-tools/23.0.3/lib/dx.jar
7fcbb8070000-7fcbb8073000 ---p 00000000 00:00 0 
7fcbb8073000-7fcbb8171000 rw-p 00000000 00:00 0                          [stack:10167]
7fcbb8171000-7fcbb8174000 ---p 00000000 00:00 0 
7fcbb8174000-7fcbb8272000 rw-p 00000000 00:00 0                          [stack:10166]
7fcbb8272000-7fcbb8275000 ---p 00000000 00:00 0 
7fcbb8275000-7fcbb8373000 rw-p 00000000 00:00 0                          [stack:10165]
7fcbb8373000-7fcbb8374000 ---p 00000000 00:00 0 
7fcbb8374000-7fcbb9471000 rw-p 00000000 00:00 0                          [stack:10164]
7fcbb9471000-7fcbb9623000 r--s 01d32000 08:04 28843131                   /usr/lib/jvm/java-7-openjdk-amd64/jre/lib/rt.jar
7fcbb9623000-7fcbb996f000 rw-p 00000000 00:00 0 
7fcbb996f000-7fcbb9970000 ---p 00000000 00:00 0 
7fcbb9970000-7fcbb9a70000 rw-p 00000000 00:00 0                          [stack:10163]
7fcbb9a70000-7fcbb9a71000 ---p 00000000 00:00 0 
7fcbb9a71000-7fcbb9b71000 rw-p 00000000 00:00 0                          [stack:10162]
7fcbb9b71000-7fcbb9b72000 ---p 00000000 00:00 0 
7fcbb9b72000-7fcbb9c72000 rw-p 00000000 00:00 0                          [stack:10161]
7fcbb9c72000-7fcbb9c73000 ---p 00000000 00:00 0 
7fcbb9c73000-7fcbb9d7e000 rw-p 00000000 00:00 0                          [stack:10159]
7fcbb9d7e000-7fcbb9dc6000 rw-p 00000000 00:00 0 
7fcbb9dc6000-7fcbb9dda000 rw-p 00000000 00:00 0 
7fcbb9dda000-7fcbb9f1c000 rw-p 00000000 00:00 0 
7fcbb9f1c000-7fcbb9f27000 rw-p 00000000 00:00 0 
7fcbb9f27000-7fcbb9f6f000 rw-p 00000000 00:00 0 
7fcbb9f6f000-7fcbb9f83000 rw-p 00000000 00:00 0 
7fcbb9f83000-7fcbba0c4000 rw-p 00000000 00:00 0 
7fcbba0c4000-7fcbba0ed000 rw-p 00000000 00:00 0 
7fcbba0ed000-7fcbba16f000 rw-p 00000000 00:00 0 
7fcbba16f000-7fcbba170000 rw-p 00000000 00:00 0 
7fcbba170000-7fcbba178000 r-xp 00000000 08:04 28843102                   /usr/lib/jvm/java-7-openjdk-amd64/jre/lib/amd64/libzip.so
7fcbba178000-7fcbba377000 ---p 00008000 08:04 28843102                   /usr/lib/jvm/java-7-openjdk-amd64/jre/lib/amd64/libzip.so
7fcbba377000-7fcbba378000 r--p 00007000 08:04 28843102                   /usr/lib/jvm/java-7-openjdk-amd64/jre/lib/amd64/libzip.so
7fcbba378000-7fcbba379000 rw-p 00008000 08:04 28843102                   /usr/lib/jvm/java-7-openjdk-amd64/jre/lib/amd64/libzip.so
7fcbba379000-7fcbba384000 r-xp 00000000 08:04 5247263                    /lib/x86_64-linux-gnu/libnss_files-2.19.so
7fcbba384000-7fcbba583000 ---p 0000b000 08:04 5247263                    /lib/x86_64-linux-gnu/libnss_files-2.19.so
7fcbba583000-7fcbba584000 r--p 0000a000 08:04 5247263                    /lib/x86_64-linux-gnu/libnss_files-2.19.so
7fcbba584000-7fcbba585000 rw-p 0000b000 08:04 5247263                    /lib/x86_64-linux-gnu/libnss_files-2.19.so
7fcbba585000-7fcbba590000 r-xp 00000000 08:04 5247273                    /lib/x86_64-linux-gnu/libnss_nis-2.19.so
7fcbba590000-7fcbba78f000 ---p 0000b000 08:04 5247273                    /lib/x86_64-linux-gnu/libnss_nis-2.19.so
7fcbba78f000-7fcbba790000 r--p 0000a000 08:04 5247273                    /lib/x86_64-linux-gnu/libnss_nis-2.19.so
7fcbba790000-7fcbba791000 rw-p 0000b000 08:04 5247273                    /lib/x86_64-linux-gnu/libnss_nis-2.19.so
7fcbba791000-7fcbba7a8000 r-xp 00000000 08:04 5247257                    /lib/x86_64-linux-gnu/libnsl-2.19.so
7fcbba7a8000-7fcbba9a7000 ---p 00017000 08:04 5247257                    /lib/x86_64-linux-gnu/libnsl-2.19.so
7fcbba9a7000-7fcbba9a8000 r--p 00016000 08:04 5247257                    /lib/x86_64-linux-gnu/libnsl-2.19.so
7fcbba9a8000-7fcbba9a9000 rw-p 00017000 08:04 5247257                    /lib/x86_64-linux-gnu/libnsl-2.19.so
7fcbba9a9000-7fcbba9ab000 rw-p 00000000 00:00 0 
7fcbba9ab000-7fcbba9b4000 r-xp 00000000 08:04 5247259                    /lib/x86_64-linux-gnu/libnss_compat-2.19.so
7fcbba9b4000-7fcbbabb3000 ---p 00009000 08:04 5247259                    /lib/x86_64-linux-gnu/libnss_compat-2.19.so
7fcbbabb3000-7fcbbabb4000 r--p 00008000 08:04 5247259                    /lib/x86_64-linux-gnu/libnss_compat-2.19.so
7fcbbabb4000-7fcbbabb5000 rw-p 00009000 08:04 5247259                    /lib/x86_64-linux-gnu/libnss_compat-2.19.so
7fcbbabb5000-7fcbbabe0000 r-xp 00000000 08:04 28843088                   /usr/lib/jvm/java-7-openjdk-amd64/jre/lib/amd64/libjava.so
7fcbbabe0000-7fcbbade0000 ---p 0002b000 08:04 28843088                   /usr/lib/jvm/java-7-openjdk-amd64/jre/lib/amd64/libjava.so
7fcbbade0000-7fcbbade1000 r--p 0002b000 08:04 28843088                   /usr/lib/jvm/java-7-openjdk-amd64/jre/lib/amd64/libjava.so
7fcbbade1000-7fcbbade3000 rw-p 0002c000 08:04 28843088                   /usr/lib/jvm/java-7-openjdk-amd64/jre/lib/amd64/libjava.so
7fcbbade3000-7fcbbadf3000 r-xp 00000000 08:04 28843089                   /usr/lib/jvm/java-7-openjdk-amd64/jre/lib/amd64/libverify.so
7fcbbadf3000-7fcbbaff2000 ---p 00010000 08:04 28843089                   /usr/lib/jvm/java-7-openjdk-amd64/jre/lib/amd64/libverify.so
7fcbbaff2000-7fcbbaff4000 r--p 0000f000 08:04 28843089                   /usr/lib/jvm/java-7-openjdk-amd64/jre/lib/amd64/libverify.so
7fcbbaff4000-7fcbbaff5000 rw-p 00011000 08:04 28843089                   /usr/lib/jvm/java-7-openjdk-amd64/jre/lib/amd64/libverify.so
7fcbbaff5000-7fcbbaffc000 r-xp 00000000 08:04 5247316                    /lib/x86_64-linux-gnu/librt-2.19.so
7fcbbaffc000-7fcbbb1fb000 ---p 00007000 08:04 5247316                    /lib/x86_64-linux-gnu/librt-2.19.so
7fcbbb1fb000-7fcbbb1fc000 r--p 00006000 08:04 5247316                    /lib/x86_64-linux-gnu/librt-2.19.so
7fcbbb1fc000-7fcbbb1fd000 rw-p 00007000 08:04 5247316                    /lib/x86_64-linux-gnu/librt-2.19.so
7fcbbb1fd000-7fcbbb213000 r-xp 00000000 08:04 5247214                    /lib/x86_64-linux-gnu/libgcc_s.so.1
7fcbbb213000-7fcbbb412000 ---p 00016000 08:04 5247214                    /lib/x86_64-linux-gnu/libgcc_s.so.1
7fcbbb412000-7fcbbb413000 rw-p 00015000 08:04 5247214                    /lib/x86_64-linux-gnu/libgcc_s.so.1
7fcbbb413000-7fcbbb518000 r-xp 00000000 08:04 5247238                    /lib/x86_64-linux-gnu/libm-2.19.so
7fcbbb518000-7fcbbb717000 ---p 00105000 08:04 5247238                    /lib/x86_64-linux-gnu/libm-2.19.so
7fcbbb717000-7fcbbb718000 r--p 00104000 08:04 5247238                    /lib/x86_64-linux-gnu/libm-2.19.so
7fcbbb718000-7fcbbb719000 rw-p 00105000 08:04 5247238                    /lib/x86_64-linux-gnu/libm-2.19.so
7fcbbb719000-7fcbbb7ff000 r-xp 00000000 08:04 28713424                   /usr/lib/x86_64-linux-gnu/libstdc++.so.6.0.19
7fcbbb7ff000-7fcbbb9fe000 ---p 000e6000 08:04 28713424                   /usr/lib/x86_64-linux-gnu/libstdc++.so.6.0.19
7fcbbb9fe000-7fcbbba06000 r--p 000e5000 08:04 28713424                   /usr/lib/x86_64-linux-gnu/libstdc++.so.6.0.19
7fcbbba06000-7fcbbba08000 rw-p 000ed000 08:04 28713424                   /usr/lib/x86_64-linux-gnu/libstdc++.so.6.0.19
7fcbbba08000-7fcbbba1d000 rw-p 00000000 00:00 0 
7fcbbba1d000-7fcbbc542000 r-xp 00000000 08:04 28843100                   /usr/lib/jvm/java-7-openjdk-amd64/jre/lib/amd64/server/libjvm.so
7fcbbc542000-7fcbbc742000 ---p 00b25000 08:04 28843100                   /usr/lib/jvm/java-7-openjdk-amd64/jre/lib/amd64/server/libjvm.so
7fcbbc742000-7fcbbc7dc000 r--p 00b25000 08:04 28843100                   /usr/lib/jvm/java-7-openjdk-amd64/jre/lib/amd64/server/libjvm.so
7fcbbc7dc000-7fcbbc7ff000 rw-p 00bbf000 08:04 28843100                   /usr/lib/jvm/java-7-openjdk-amd64/jre/lib/amd64/server/libjvm.so
7fcbbc7ff000-7fcbbc82e000 rw-p 00000000 00:00 0 
7fcbbc82e000-7fcbbc846000 r-xp 00000000 08:04 5247351                    /lib/x86_64-linux-gnu/libz.so.1.2.8
7fcbbc846000-7fcbbca45000 ---p 00018000 08:04 5247351                    /lib/x86_64-linux-gnu/libz.so.1.2.8
7fcbbca45000-7fcbbca46000 r--p 00017000 08:04 5247351                    /lib/x86_64-linux-gnu/libz.so.1.2.8
7fcbbca46000-7fcbbca47000 rw-p 00018000 08:04 5247351                    /lib/x86_64-linux-gnu/libz.so.1.2.8
7fcbbca47000-7fcbbca60000 r-xp 00000000 08:04 5247308                    /lib/x86_64-linux-gnu/libpthread-2.19.so
7fcbbca60000-7fcbbcc5f000 ---p 00019000 08:04 5247308                    /lib/x86_64-linux-gnu/libpthread-2.19.so
7fcbbcc5f000-7fcbbcc60000 r--p 00018000 08:04 5247308                    /lib/x86_64-linux-gnu/libpthread-2.19.so
7fcbbcc60000-7fcbbcc61000 rw-p 00019000 08:04 5247308                    /lib/x86_64-linux-gnu/libpthread-2.19.so
7fcbbcc61000-7fcbbcc65000 rw-p 00000000 00:00 0 
7fcbbcc65000-7fcbbcc68000 r-xp 00000000 08:04 5247204                    /lib/x86_64-linux-gnu/libdl-2.19.so
7fcbbcc68000-7fcbbce67000 ---p 00003000 08:04 5247204                    /lib/x86_64-linux-gnu/libdl-2.19.so
7fcbbce67000-7fcbbce68000 r--p 00002000 08:04 5247204                    /lib/x86_64-linux-gnu/libdl-2.19.so
7fcbbce68000-7fcbbce69000 rw-p 00003000 08:04 5247204                    /lib/x86_64-linux-gnu/libdl-2.19.so
7fcbbce69000-7fcbbd024000 r-xp 00000000 08:04 5247187                    /lib/x86_64-linux-gnu/libc-2.19.so
7fcbbd024000-7fcbbd223000 ---p 001bb000 08:04 5247187                    /lib/x86_64-linux-gnu/libc-2.19.so
7fcbbd223000-7fcbbd227000 r--p 001ba000 08:04 5247187                    /lib/x86_64-linux-gnu/libc-2.19.so
7fcbbd227000-7fcbbd229000 rw-p 001be000 08:04 5247187                    /lib/x86_64-linux-gnu/libc-2.19.so
7fcbbd229000-7fcbbd22e000 rw-p 00000000 00:00 0 
7fcbbd22e000-7fcbbd23b000 r-xp 00000000 08:04 28843115                   /usr/lib/jvm/java-7-openjdk-amd64/jre/lib/amd64/jli/libjli.so
7fcbbd23b000-7fcbbd43a000 ---p 0000d000 08:04 28843115                   /usr/lib/jvm/java-7-openjdk-amd64/jre/lib/amd64/jli/libjli.so
7fcbbd43a000-7fcbbd43b000 r--p 0000c000 08:04 28843115                   /usr/lib/jvm/java-7-openjdk-amd64/jre/lib/amd64/jli/libjli.so
7fcbbd43b000-7fcbbd43c000 rw-p 0000d000 08:04 28843115                   /usr/lib/jvm/java-7-openjdk-amd64/jre/lib/amd64/jli/libjli.so
7fcbbd43c000-7fcbbd45f000 r-xp 00000000 08:04 5247161                    /lib/x86_64-linux-gnu/ld-2.19.so
7fcbbd45f000-7fcbbd481000 rw-p 00000000 00:00 0 
7fcbbd481000-7fcbbd537000 rw-p 00000000 00:00 0 
7fcbbd537000-7fcbbd53a000 ---p 00000000 00:00 0 
7fcbbd53a000-7fcbbd63e000 rw-p 00000000 00:00 0                          [stack:10157]
7fcbbd63e000-7fcbbd642000 r--s 00085000 08:04 28843145                   /usr/lib/jvm/java-7-openjdk-amd64/jre/lib/ext/localedata.jar
7fcbbd642000-7fcbbd644000 r--s 00006000 08:04 29364344                   /usr/share/java/java-atk-wrapper.jar
7fcbbd644000-7fcbbd648000 r--s 0003c000 08:04 28843146                   /usr/lib/jvm/java-7-openjdk-amd64/jre/lib/ext/sunpkcs11.jar
7fcbbd648000-7fcbbd64b000 r--s 0000f000 08:04 28843144                   /usr/lib/jvm/java-7-openjdk-amd64/jre/lib/ext/icedtea-sound.jar
7fcbbd64b000-7fcbbd64c000 r--s 00002000 08:04 28843141                   /usr/lib/jvm/java-7-openjdk-amd64/jre/lib/ext/dnsns.jar
7fcbbd64c000-7fcbbd64e000 r--s 00012000 08:04 28843142                   /usr/lib/jvm/java-7-openjdk-amd64/jre/lib/ext/zipfs.jar
7fcbbd64e000-7fcbbd652000 r--s 00034000 08:04 28843143                   /usr/lib/jvm/java-7-openjdk-amd64/jre/lib/ext/sunjce_provider.jar
7fcbbd652000-7fcbbd65a000 rw-s 00000000 08:04 23070071                   /tmp/hsperfdata_luan/10155
7fcbbd65a000-7fcbbd65b000 rw-p 00000000 00:00 0 
7fcbbd65b000-7fcbbd65c000 ---p 00000000 00:00 0 
7fcbbd65c000-7fcbbd65e000 rw-p 00000000 00:00 0 
7fcbbd65e000-7fcbbd65f000 r--p 00022000 08:04 5247161                    /lib/x86_64-linux-gnu/ld-2.19.so
7fcbbd65f000-7fcbbd660000 rw-p 00023000 08:04 5247161                    /lib/x86_64-linux-gnu/ld-2.19.so
7fcbbd660000-7fcbbd661000 rw-p 00000000 00:00 0 
7ffeb138e000-7ffeb13af000 rw-p 00000000 00:00 0                          [stack]
7ffeb13de000-7ffeb13e0000 r--p 00000000 00:00 0                          [vvar]
7ffeb13e0000-7ffeb13e2000 r-xp 00000000 00:00 0                          [vdso]
ffffffffff600000-ffffffffff601000 r-xp 00000000 00:00 0                  [vsyscall]

VM Arguments:
jvm_args: -Djava.awt.headless=true -Xmx1024M -Dfile.encoding=UTF-8 -Duser.country=BR -Duser.language=pt -Duser.variant 
java_command: com.android.dx.command.Main --dex --force-jumbo --num-threads=4 --multi-dex --output /home/luan/AndroidStudioProjects/BioB_aop/app/build/intermediates/transforms/dex/debug/folders/1000/10/com.android.support-recyclerview-v7-24.0.0-alpha2_cf9154bad2276095535e9b08b8d96c33e468b9e4 /home/luan/AndroidStudioProjects/BioB_aop/app/build/intermediates/exploded-aar/com.android.support/recyclerview-v7/24.0.0-alpha2/jars/classes.jar
Launcher Type: SUN_STANDARD

Environment Variables:
PATH=/usr/local/sbin:/usr/local/bin:/usr/sbin:/usr/bin:/sbin:/bin:/usr/games:/usr/local/games
USERNAME=luan
LD_LIBRARY_PATH=/opt/android-studio/bin:
SHELL=/bin/bash
DISPLAY=:0

Signal Handlers:
SIGSEGV: [libjvm.so+0x9561e0], sa_mask[0]=0x7ffbfeff, sa_flags=0x10000004
SIGBUS: [libjvm.so+0x9561e0], sa_mask[0]=0x7ffbfeff, sa_flags=0x10000004
SIGFPE: [libjvm.so+0x7cc4d0], sa_mask[0]=0x7ffbfeff, sa_flags=0x10000004
SIGPIPE: [libjvm.so+0x7cc4d0], sa_mask[0]=0x7ffbfeff, sa_flags=0x10000004
SIGXFSZ: [libjvm.so+0x7cc4d0], sa_mask[0]=0x7ffbfeff, sa_flags=0x10000004
SIGILL: [libjvm.so+0x7cc4d0], sa_mask[0]=0x7ffbfeff, sa_flags=0x10000004
SIGUSR1: SIG_DFL, sa_mask[0]=0x00000000, sa_flags=0x00000000
SIGUSR2: [libjvm.so+0x7cc370], sa_mask[0]=0x00000004, sa_flags=0x10000004
SIGHUP: [libjvm.so+0x7cc550], sa_mask[0]=0x7ffbfeff, sa_flags=0x10000004
SIGINT: [libjvm.so+0x7cc550], sa_mask[0]=0x7ffbfeff, sa_flags=0x10000004
SIGTERM: [libjvm.so+0x7cc550], sa_mask[0]=0x7ffbfeff, sa_flags=0x10000004
SIGQUIT: [libjvm.so+0x7cc550], sa_mask[0]=0x7ffbfeff, sa_flags=0x10000004
SIGTRAP: SIG_DFL, sa_mask[0]=0x00000000, sa_flags=0x00000000


---------------  S Y S T E M  ---------------

OS:LinuxMint 17.3 (rosa)
uname:Linux 3.19.0-32-generic #37~14.04.1-Ubuntu SMP Thu Oct 22 09:41:40 UTC 2015 x86_64
libc:glibc 2.19 NPTL 2.19 
rlimit: STACK 8192k, CORE 0k, NPROC 15302, NOFILE 4096, AS infinity
load average:18,54 7,44 5,06

/proc/meminfo:
MemTotal:        3949536 kB
MemFree:          107324 kB
MemAvailable:      57512 kB
Buffers:            1036 kB
Cached:           188616 kB
SwapCached:            0 kB
Active:          3531560 kB
Inactive:         158520 kB
Active(anon):    3516652 kB
Inactive(anon):   146436 kB
Active(file):      14908 kB
Inactive(file):    12084 kB
Unevictable:          40 kB
Mlocked:              40 kB
SwapTotal:             0 kB
SwapFree:              0 kB
Dirty:               428 kB
Writeback:             0 kB
AnonPages:       3501168 kB
Mapped:            91292 kB
Shmem:            162004 kB
Slab:              73088 kB
SReclaimable:      42324 kB
SUnreclaim:        30764 kB
KernelStack:       12208 kB
PageTables:        33440 kB
NFS_Unstable:          0 kB
Bounce:                0 kB
WritebackTmp:          0 kB
CommitLimit:     1974768 kB
Committed_AS:    7948724 kB
VmallocTotal:   34359738367 kB
VmallocUsed:      347860 kB
VmallocChunk:   34359349312 kB
HardwareCorrupted:     0 kB
AnonHugePages:   1175552 kB
CmaTotal:              0 kB
CmaFree:               0 kB
HugePages_Total:       0
HugePages_Free:        0
HugePages_Rsvd:        0
HugePages_Surp:        0
Hugepagesize:       2048 kB
DirectMap4k:      105032 kB
DirectMap2M:     1894400 kB
DirectMap1G:     2097152 kB


CPU:total 4 (2 cores per cpu, 2 threads per core) family 6 model 69 stepping 1, cmov, cx8, fxsr, mmx, sse, sse2, sse3, ssse3, sse4.1, sse4.2, popcnt, avx, avx2, aes, erms, ht, tsc, tscinvbit

/proc/cpuinfo:
processor	: 0
vendor_id	: GenuineIntel
cpu family	: 6
model		: 69
model name	: Intel(R) Core(TM) i5-4210U CPU @ 1.70GHz
stepping	: 1
microcode	: 0x1c
cpu MHz		: 813.476
cache size	: 3072 KB
physical id	: 0
siblings	: 4
core id		: 0
cpu cores	: 2
apicid		: 0
initial apicid	: 0
fpu		: yes
fpu_exception	: yes
cpuid level	: 13
wp		: yes
flags		: fpu vme de pse tsc msr pae mce cx8 apic sep mtrr pge mca cmov pat pse36 clflush dts acpi mmx fxsr sse sse2 ss ht tm pbe syscall nx pdpe1gb rdtscp lm constant_tsc arch_perfmon pebs bts rep_good nopl xtopology nonstop_tsc aperfmperf eagerfpu pni pclmulqdq dtes64 monitor ds_cpl vmx est tm2 ssse3 fma cx16 xtpr pdcm pcid sse4_1 sse4_2 movbe popcnt tsc_deadline_timer aes xsave avx f16c rdrand lahf_lm abm ida arat epb pln pts dtherm tpr_shadow vnmi flexpriority ept vpid fsgsbase tsc_adjust bmi1 avx2 smep bmi2 erms invpcid xsaveopt
bugs		:
bogomips	: 3392.35
clflush size	: 64
cache_alignment	: 64
address sizes	: 39 bits physical, 48 bits virtual
power management:

processor	: 1
vendor_id	: GenuineIntel
cpu family	: 6
model		: 69
model name	: Intel(R) Core(TM) i5-4210U CPU @ 1.70GHz
stepping	: 1
microcode	: 0x1c
cpu MHz		: 799.996
cache size	: 3072 KB
physical id	: 0
siblings	: 4
core id		: 1
cpu cores	: 2
apicid		: 2
initial apicid	: 2
fpu		: yes
fpu_exception	: yes
cpuid level	: 13
wp		: yes
flags		: fpu vme de pse tsc msr pae mce cx8 apic sep mtrr pge mca cmov pat pse36 clflush dts acpi mmx fxsr sse sse2 ss ht tm pbe syscall nx pdpe1gb rdtscp lm constant_tsc arch_perfmon pebs bts rep_good nopl xtopology nonstop_tsc aperfmperf eagerfpu pni pclmulqdq dtes64 monitor ds_cpl vmx est tm2 ssse3 fma cx16 xtpr pdcm pcid sse4_1 sse4_2 movbe popcnt tsc_deadline_timer aes xsave avx f16c rdrand lahf_lm abm ida arat epb pln pts dtherm tpr_shadow vnmi flexpriority ept vpid fsgsbase tsc_adjust bmi1 avx2 smep bmi2 erms invpcid xsaveopt
bugs		:
bogomips	: 3392.35
clflush size	: 64
cache_alignment	: 64
address sizes	: 39 bits physical, 48 bits virtual
power management:

processor	: 2
vendor_id	: GenuineIntel
cpu family	: 6
model		: 69
model name	: Intel(R) Core(TM) i5-4210U CPU @ 1.70GHz
stepping	: 1
microcode	: 0x1c
cpu MHz		: 852.523
cache size	: 3072 KB
physical id	: 0
siblings	: 4
core id		: 0
cpu cores	: 2
apicid		: 1
initial apicid	: 1
fpu		: yes
fpu_exception	: yes
cpuid level	: 13
wp		: yes
flags		: fpu vme de pse tsc msr pae mce cx8 apic sep mtrr pge mca cmov pat pse36 clflush dts acpi mmx fxsr sse sse2 ss ht tm pbe syscall nx pdpe1gb rdtscp lm constant_tsc arch_perfmon pebs bts rep_good nopl xtopology nonstop_tsc aperfmperf eagerfpu pni pclmulqdq dtes64 monitor ds_cpl vmx est tm2 ssse3 fma cx16 xtpr pdcm pcid sse4_1 sse4_2 movbe popcnt tsc_deadline_timer aes xsave avx f16c rdrand lahf_lm abm ida arat epb pln pts dtherm tpr_shadow vnmi flexpriority ept vpid fsgsbase tsc_adjust bmi1 avx2 smep bmi2 erms invpcid xsaveopt
bugs		:
bogomips	: 3392.35
clflush size	: 64
cache_alignment	: 64
address sizes	: 39 bits physical, 48 bits virtual
power management:

processor	: 3
vendor_id	: GenuineIntel
cpu family	: 6
model		: 69
model name	: Intel(R) Core(TM) i5-4210U CPU @ 1.70GHz
stepping	: 1
microcode	: 0x1c
cpu MHz		: 872.246
cache size	: 3072 KB
physical id	: 0
siblings	: 4
core id		: 1
cpu cores	: 2
apicid		: 3
initial apicid	: 3
fpu		: yes
fpu_exception	: yes
cpuid level	: 13
wp		: yes
flags		: fpu vme de pse tsc msr pae mce cx8 apic sep mtrr pge mca cmov pat pse36 clflush dts acpi mmx fxsr sse sse2 ss ht tm pbe syscall nx pdpe1gb rdtscp lm constant_tsc arch_perfmon pebs bts rep_good nopl xtopology nonstop_tsc aperfmperf eagerfpu pni pclmulqdq dtes64 monitor ds_cpl vmx est tm2 ssse3 fma cx16 xtpr pdcm pcid sse4_1 sse4_2 movbe popcnt tsc_deadline_timer aes xsave avx f16c rdrand lahf_lm abm ida arat epb pln pts dtherm tpr_shadow vnmi flexpriority ept vpid fsgsbase tsc_adjust bmi1 avx2 smep bmi2 erms invpcid xsaveopt
bugs		:
bogomips	: 3392.35
clflush size	: 64
cache_alignment	: 64
address sizes	: 39 bits physical, 48 bits virtual
power management:



Memory: 4k page, physical 3949536k(107324k free), swap 0k(0k free)

vm_info: OpenJDK 64-Bit Server VM (24.95-b01) for linux-amd64 JRE (1.7.0_101-b00), built on Apr 24 2016 20:39:29 by "buildd" with gcc 4.8.2

time: Tue Oct 18 00:23:34 2016
elapsed time: 27 seconds

